<?xml version="1.0" encoding="utf-8"?><testsuites><testsuite name="pytest" errors="0" failures="1" skipped="1" tests="757" time="200.357" timestamp="2023-01-26T18:24:23.519675" hostname="ip-10-100-10-55.us-west-2.compute.internal"><testcase classname="tests.unit.test_airflow" name="test_airflow_provider_info" time="0.002" /><testcase classname="tests.unit.test_airflow" name="test_dags_load_with_no_errors" time="0.026" /><testcase classname="tests.unit.test_airflow" name="test_datahub_rest_hook" time="0.011" /><testcase classname="tests.unit.test_airflow" name="test_datahub_rest_hook_with_timeout" time="0.006" /><testcase classname="tests.unit.test_airflow" name="test_datahub_kafka_hook" time="0.005" /><testcase classname="tests.unit.test_airflow" name="test_datahub_lineage_operator" time="0.001" /><testcase classname="tests.unit.test_airflow" name="test_hook_airflow_ui[DatahubRestHook]" time="0.000" /><testcase classname="tests.unit.test_airflow" name="test_hook_airflow_ui[DatahubKafkaHook]" time="0.000" /><testcase classname="tests.unit.test_airflow" name="test_entities" time="0.001" /><testcase classname="tests.unit.test_airflow" name="test_lineage_backend[airflow-lineage-no-executions]" time="0.012" /><testcase classname="tests.unit.test_airflow" name="test_lineage_backend[airflow-lineage-capture-executions]" time="0.006" /><testcase classname="tests.unit.test_allow_deny" name="test_allow_all" time="0.000" /><testcase classname="tests.unit.test_allow_deny" name="test_deny_all" time="0.000" /><testcase classname="tests.unit.test_allow_deny" name="test_single_table" time="0.000" /><testcase classname="tests.unit.test_allow_deny" name="test_prefix_match" time="0.000" /><testcase classname="tests.unit.test_allow_deny" name="test_default_deny" time="0.000" /><testcase classname="tests.unit.test_allow_deny" name="test_fully_speced" time="0.000" /><testcase classname="tests.unit.test_allow_deny" name="test_is_allowed" time="0.000" /><testcase classname="tests.unit.test_allow_deny" name="test_case_sensitivity" time="0.000" /><testcase classname="tests.unit.test_apis" name="test_sources_not_abstract" time="0.000" /><testcase classname="tests.unit.test_apis" name="test_sinks_not_abstract" time="0.000" /><testcase classname="tests.unit.test_bigquery_lineage" name="test_parse_view_lineage" time="0.010" /><testcase classname="tests.unit.test_bigquery_lineage" name="test_parse_view_lineage_with_two_part_table_name" time="0.004" /><testcase classname="tests.unit.test_bigquery_lineage" name="test_one_part_table" time="0.003" /><testcase classname="tests.unit.test_bigquery_lineage" name="test_create_statement_with_multiple_table" time="0.005" /><testcase classname="tests.unit.test_bigquery_source" name="test_bigquery_uri" time="0.001" /><testcase classname="tests.unit.test_bigquery_source" name="test_bigquery_uri_on_behalf" time="0.001" /><testcase classname="tests.unit.test_bigquery_source" name="test_bigquery_uri_with_credential" time="0.001" /><testcase classname="tests.unit.test_bigquery_source" name="test_simple_upstream_table_generation" time="0.001" /><testcase classname="tests.unit.test_bigquery_source" name="test_upstream_table_generation_with_temporary_table_without_temp_upstream" time="0.001" /><testcase classname="tests.unit.test_bigquery_source" name="test_upstream_table_generation_with_temporary_table_with_temp_upstream" time="0.001" /><testcase classname="tests.unit.test_bigquery_source" name="test_upstream_table_generation_with_temporary_table_with_multiple_temp_upstream" time="0.001" /><testcase classname="tests.unit.test_bigquery_sql_lineage" name="test_bigquery_sql_lineage_hash_as_comment_sign_is_accepted" time="0.003" /><testcase classname="tests.unit.test_bigquery_sql_lineage" name="test_bigquery_sql_lineage_camel_case_table" time="0.004" /><testcase classname="tests.unit.test_bigquery_sql_lineage" name="test_bigquery_sql_lineage_camel_case_dataset" time="0.004" /><testcase classname="tests.unit.test_bigquery_sql_lineage" name="test_bigquery_sql_lineage_camel_case_table_and_dataset" time="0.004" /><testcase classname="tests.unit.test_bigquery_sql_lineage" name="test_bigquery_sql_lineage_camel_case_table_and_dataset_subquery" time="0.006" /><testcase classname="tests.unit.test_bigquery_sql_lineage" name="test_bigquery_sql_lineage_camel_case_table_and_dataset_joins" time="0.008" /><testcase classname="tests.unit.test_bigquery_sql_lineage" name="test_bigquery_sql_lineage_camel_case_table_and_dataset_joins_and_subquery" time="0.010" /><testcase classname="tests.unit.test_bigquery_sql_lineage" name="test_bigquery_sql_lineage_keyword_data_is_accepted" time="0.007" /><testcase classname="tests.unit.test_bigquery_sql_lineage" name="test_bigquery_sql_lineage_keyword_admin_is_accepted" time="0.005" /><testcase classname="tests.unit.test_bigquery_sql_lineage" name="test_bigquery_sql_lineage_cte_alias_as_keyword_is_accepted" time="0.020" /><testcase classname="tests.unit.test_bigquery_sql_lineage" name="test_bigquery_sql_lineage_create_or_replace_view_name_with_hyphens_is_accepted" time="0.005" /><testcase classname="tests.unit.test_bigquery_sql_lineage" name="test_bigquery_sql_lineage_source_table_name_with_hyphens_is_accepted" time="0.004" /><testcase classname="tests.unit.test_bigquery_sql_lineage" name="test_bigquery_sql_lineage_from_as_column_name_is_accepted" time="0.004" /><testcase classname="tests.unit.test_bigquery_sql_parser" name="test_bigquery_sql_parser_comments_are_removed" time="0.003" /><testcase classname="tests.unit.test_bigquery_sql_parser" name="test_bigquery_sql_parser_formats_input_sql" time="0.006" /><testcase classname="tests.unit.test_bigquery_sql_parser" name="test_remove_comma_before_from" time="0.000" /><testcase classname="tests.unit.test_bigquery_sql_parser" name="test_bigquery_sql_parser_subquery" time="0.006" /><testcase classname="tests.unit.test_bigquery_sql_parser" name="test_bigquery_sql_parser_comment_sign_switched_correctly" time="0.000" /><testcase classname="tests.unit.test_bigquery_sql_parser" name="test_bigquery_sql_parser_keyword_from_is_escaped_if_used_as_fieldname" time="0.000" /><testcase classname="tests.unit.test_bigquery_sql_parser" name="test_bigquery_sql_parser_first_cte_name_is_escaped" time="0.000" /><testcase classname="tests.unit.test_bigquery_sql_parser" name="test_bigquery_sql_parser_table_name_is_escaped_at_create_statement" time="0.000" /><testcase classname="tests.unit.test_bigquery_sql_parser" name="test_bigquery_sql_parser_view_name_is_escaped_at_create_statement" time="0.000" /><testcase classname="tests.unit.test_bigquery_sql_parser" name="test_bigquery_sql_parser_object_name_is_escaped_after_keyword_from" time="0.000" /><testcase classname="tests.unit.test_bigquery_sql_parser" name="test_bigquery_sql_parser_field_name_is_not_escaped_after_keyword_from_in_datetime_functions" time="0.000" /><testcase classname="tests.unit.test_bigqueryv2_usage_source" name="test_bigqueryv2_uri_with_credential" time="0.001" /><testcase classname="tests.unit.test_bigqueryv2_usage_source" name="test_bigqueryv2_filters_with_allow_filter" time="0.286" /><testcase classname="tests.unit.test_bigqueryv2_usage_source" name="test_bigqueryv2_filters_with_deny_filter" time="0.040" /><testcase classname="tests.unit.test_bigqueryv2_usage_source" name="test_bigquery_table_sanitasitation" time="0.001" /><testcase classname="tests.unit.test_bq_get_partition_range" name="test_get_partition_range_from_partition_id" time="0.002" /><testcase classname="tests.unit.test_capability_report" name="test_basic_capability_report" time="0.001" /><testcase classname="tests.unit.test_check" name="test_cli_help" time="0.002" /><testcase classname="tests.unit.test_check" name="test_cli_version" time="0.001" /><testcase classname="tests.unit.test_check" name="test_check_local_docker" time="0.001" /><testcase classname="tests.unit.test_classification" name="test_default_classification_config" time="0.000" /><testcase classname="tests.unit.test_classification" name="test_default_datahub_classifier_config" time="0.003" /><testcase classname="tests.unit.test_classification" name="test_selective_datahub_classifier_config_override" time="0.004" /><testcase classname="tests.unit.test_cli_utils" name="test_first_non_null" time="0.000" /><testcase classname="tests.unit.test_cli_utils" name="test_correct_url_when_gms_host_in_old_format" time="0.001" /><testcase classname="tests.unit.test_cli_utils" name="test_correct_url_when_gms_host_and_port_set" time="0.000" /><testcase classname="tests.unit.test_cli_utils" name="test_correct_url_when_gms_host_port_url_set" time="0.000" /><testcase classname="tests.unit.test_cli_utils" name="test_correct_url_when_gms_host_port_url_protocol_set" time="0.000" /><testcase classname="tests.unit.test_cli_utils" name="test_correct_url_when_url_set" time="0.001" /><testcase classname="tests.unit.test_clickhouse_source" name="test_clickhouse_uri_https" time="0.001" /><testcase classname="tests.unit.test_clickhouse_source" name="test_clickhouse_uri_native" time="0.000" /><testcase classname="tests.unit.test_clickhouse_source" name="test_clickhouse_uri_native_secure" time="0.000" /><testcase classname="tests.unit.test_clickhouse_source" name="test_clickhouse_uri_default_password" time="0.000" /><testcase classname="tests.unit.test_config_clean" name="test_remove_suffix" time="0.000" /><testcase classname="tests.unit.test_config_clean" name="test_url_without_slash_suffix" time="0.000" /><testcase classname="tests.unit.test_config_clean" name="test_url_with_suffix" time="0.000" /><testcase classname="tests.unit.test_config_clean" name="test_url_with_multiple_slashes" time="0.000" /><testcase classname="tests.unit.test_config_clean" name="test_remove_protocol_https" time="0.000" /><testcase classname="tests.unit.test_config_clean" name="test_remove_protocol_http" time="0.000" /><testcase classname="tests.unit.test_config_clean" name="test_remove_protocol_http_accidental_multiple" time="0.000" /><testcase classname="tests.unit.test_confluent_schema_registry.ConfluentSchemaRegistryTest" name="test_get_schema_str_replace_confluent_ref_avro" time="0.308" /><testcase classname="tests.unit.test_corp_group_urn.TestCorpGroupUrn" name="test_invalid_urn" time="0.000" /><testcase classname="tests.unit.test_corp_group_urn.TestCorpGroupUrn" name="test_parse_urn" time="0.000" /><testcase classname="tests.unit.test_corpuser_urn.TestCorpuserUrn" name="test_invalid_urn" time="0.000" /><testcase classname="tests.unit.test_corpuser_urn.TestCorpuserUrn" name="test_parse_urn" time="0.000" /><testcase classname="tests.unit.test_csv_enricher_source" name="test_get_resource_glossary_terms_work_unit_no_terms" time="0.001" /><testcase classname="tests.unit.test_csv_enricher_source" name="test_get_resource_glossary_terms_no_new_glossary_terms" time="0.001" /><testcase classname="tests.unit.test_csv_enricher_source" name="test_get_resource_glossary_terms_work_unit_produced" time="0.001" /><testcase classname="tests.unit.test_csv_enricher_source" name="test_get_resource_tags_work_unit_no_tags" time="0.002" /><testcase classname="tests.unit.test_csv_enricher_source" name="test_get_resource_tags_no_new_tags" time="0.001" /><testcase classname="tests.unit.test_csv_enricher_source" name="test_get_resource_tags_work_unit_produced" time="0.001" /><testcase classname="tests.unit.test_csv_enricher_source" name="test_get_resource_owners_work_unit_no_terms" time="0.002" /><testcase classname="tests.unit.test_csv_enricher_source" name="test_get_resource_owners_no_new_owners" time="0.001" /><testcase classname="tests.unit.test_csv_enricher_source" name="test_get_resource_owners_work_unit_produced" time="0.001" /><testcase classname="tests.unit.test_csv_enricher_source" name="test_get_resource_description_no_description" time="0.001" /><testcase classname="tests.unit.test_csv_enricher_source" name="test_get_resource_description_work_unit_produced" time="0.002" /><testcase classname="tests.unit.test_csv_enricher_source" name="test_get_resource_domain_no_domain" time="0.001" /><testcase classname="tests.unit.test_csv_enricher_source" name="test_get_resource_domain_work_unit_produced" time="0.002" /><testcase classname="tests.unit.test_data_flow_urn.TestDataFlowUrn" name="test_invalid_urn" time="0.000" /><testcase classname="tests.unit.test_data_flow_urn.TestDataFlowUrn" name="test_parse_urn" time="0.000" /><testcase classname="tests.unit.test_data_job_urn.TestDataJobUrn" name="test_invalid_urn" time="0.000" /><testcase classname="tests.unit.test_data_job_urn.TestDataJobUrn" name="test_parse_urn" time="0.001" /><testcase classname="tests.unit.test_data_process_instance_urn.TestDomainUrn" name="test_invalid_urn" time="0.000" /><testcase classname="tests.unit.test_data_process_instance_urn.TestDomainUrn" name="test_parse_urn" time="0.000" /><testcase classname="tests.unit.test_dataset_urn.TestDatasetUrn" name="test_invalid_urn" time="0.000" /><testcase classname="tests.unit.test_dataset_urn.TestDatasetUrn" name="test_parse_urn" time="0.000" /><testcase classname="tests.unit.test_dbt_source" name="test_dbt_source_patching_no_new" time="0.001" /><testcase classname="tests.unit.test_dbt_source" name="test_dbt_source_patching_no_conflict" time="0.001" /><testcase classname="tests.unit.test_dbt_source" name="test_dbt_source_patching_with_conflict" time="0.001" /><testcase classname="tests.unit.test_dbt_source" name="test_dbt_source_patching_with_conflict_null_source_type_in_existing_owner" time="0.001" /><testcase classname="tests.unit.test_dbt_source" name="test_dbt_source_patching_tags" time="0.001" /><testcase classname="tests.unit.test_dbt_source" name="test_dbt_source_patching_terms" time="0.001" /><testcase classname="tests.unit.test_dbt_source" name="test_dbt_entity_emission_configuration" time="0.001" /><testcase classname="tests.unit.test_dbt_source" name="test_dbt_entity_emission_configuration_helpers" time="0.001" /><testcase classname="tests.unit.test_domain_urn.TestDomainUrn" name="test_invalid_urn" time="0.001" /><testcase classname="tests.unit.test_domain_urn.TestDomainUrn" name="test_parse_urn" time="0.000" /><testcase classname="tests.unit.test_druid_source" name="test_druid_uri" time="0.000" /><testcase classname="tests.unit.test_elasticsearch_source" name="test_elastic_search_schema_conversion[.ds-datahub_usage_event-000001]" time="0.001" /><testcase classname="tests.unit.test_elasticsearch_source" name="test_elastic_search_schema_conversion[chartindex_v2]" time="0.001" /><testcase classname="tests.unit.test_elasticsearch_source" name="test_elastic_search_schema_conversion[corpgroupindex_v2]" time="0.000" /><testcase classname="tests.unit.test_elasticsearch_source" name="test_elastic_search_schema_conversion[corpuserindex_v2]" time="0.001" /><testcase classname="tests.unit.test_elasticsearch_source" name="test_elastic_search_schema_conversion[dashboardindex_v2]" time="0.001" /><testcase classname="tests.unit.test_elasticsearch_source" name="test_elastic_search_schema_conversion[dataflowindex_v2]" time="0.001" /><testcase classname="tests.unit.test_elasticsearch_source" name="test_elastic_search_schema_conversion[datahubpolicyindex_v2]" time="0.000" /><testcase classname="tests.unit.test_elasticsearch_source" name="test_elastic_search_schema_conversion[datahubretentionindex_v2]" time="0.000" /><testcase classname="tests.unit.test_elasticsearch_source" name="test_elastic_search_schema_conversion[datajobindex_v2]" time="0.001" /><testcase classname="tests.unit.test_elasticsearch_source" name="test_elastic_search_schema_conversion[dataplatformindex_v2]" time="0.000" /><testcase classname="tests.unit.test_elasticsearch_source" name="test_elastic_search_schema_conversion[dataprocessindex_v2]" time="0.000" /><testcase classname="tests.unit.test_elasticsearch_source" name="test_elastic_search_schema_conversion[dataset_datasetprofileaspect_v1]" time="0.000" /><testcase classname="tests.unit.test_elasticsearch_source" name="test_elastic_search_schema_conversion[dataset_datasetusagestatisticsaspect_v1]" time="0.001" /><testcase classname="tests.unit.test_elasticsearch_source" name="test_elastic_search_schema_conversion[datasetindex_v2]" time="0.001" /><testcase classname="tests.unit.test_elasticsearch_source" name="test_elastic_search_schema_conversion[glossarynodeindex_v2]" time="0.000" /><testcase classname="tests.unit.test_elasticsearch_source" name="test_elastic_search_schema_conversion[glossarytermindex_v2]" time="0.000" /><testcase classname="tests.unit.test_elasticsearch_source" name="test_elastic_search_schema_conversion[ilm-history-2-000001]" time="0.001" /><testcase classname="tests.unit.test_elasticsearch_source" name="test_elastic_search_schema_conversion[mlfeatureindex_v2]" time="0.000" /><testcase classname="tests.unit.test_elasticsearch_source" name="test_elastic_search_schema_conversion[mlfeaturetableindex_v2]" time="0.000" /><testcase classname="tests.unit.test_elasticsearch_source" name="test_elastic_search_schema_conversion[mlmodeldeploymentindex_v2]" time="0.000" /><testcase classname="tests.unit.test_elasticsearch_source" name="test_elastic_search_schema_conversion[mlmodelgroupindex_v2]" time="0.000" /><testcase classname="tests.unit.test_elasticsearch_source" name="test_elastic_search_schema_conversion[mlmodelindex_v2]" time="0.001" /><testcase classname="tests.unit.test_elasticsearch_source" name="test_elastic_search_schema_conversion[mlprimarykeyindex_v2]" time="0.000" /><testcase classname="tests.unit.test_elasticsearch_source" name="test_elastic_search_schema_conversion[schemafieldindex_v2]" time="0.000" /><testcase classname="tests.unit.test_elasticsearch_source" name="test_elastic_search_schema_conversion[system_metadata_service_v1]" time="0.000" /><testcase classname="tests.unit.test_elasticsearch_source" name="test_elastic_search_schema_conversion[tagindex_v2]" time="0.000" /><testcase classname="tests.unit.test_elasticsearch_source" name="test_no_properties_in_mappings_schema" time="0.000" /><testcase classname="tests.unit.test_elasticsearch_source" name="test_host_port_parsing" time="0.001" /><testcase classname="tests.unit.test_file_lineage_source" name="test_basic_lineage_entity_root_node_urn" time="0.002" /><testcase classname="tests.unit.test_file_lineage_source" name="test_basic_lineage_upstream_urns" time="0.002" /><testcase classname="tests.unit.test_file_lineage_source" name="test_unsupported_entity_type" time="0.003" /><testcase classname="tests.unit.test_file_lineage_source" name="test_unsupported_upstream_entity_type" time="0.002" /><testcase classname="tests.unit.test_file_lineage_source" name="test_unsupported_entity_env" time="0.004" /><testcase classname="tests.unit.test_glue_source" name="test_column_type[char]" time="0.000" /><testcase classname="tests.unit.test_glue_source" name="test_column_type[array]" time="0.000" /><testcase classname="tests.unit.test_glue_source" name="test_column_type[map]" time="0.000" /><testcase classname="tests.unit.test_glue_source" name="test_column_type[struct]" time="0.001" /><testcase classname="tests.unit.test_glue_source" name="test_glue_ingest[None-glue_mces.json-glue_mces_golden.json]" time="0.436" /><testcase classname="tests.unit.test_glue_source" name="test_glue_ingest[some_instance_name-glue_mces_platform_instance.json-glue_mces_platform_instance_golden.json]" time="0.370" /><testcase classname="tests.unit.test_glue_source" name="test_underlying_platform_takes_precendence" time="0.078" /><testcase classname="tests.unit.test_glue_source" name="test_platform_takes_precendence_over_underlying_platform" time="0.088" /><testcase classname="tests.unit.test_glue_source" name="test_underlying_platform_must_be_valid" time="0.000" /><testcase classname="tests.unit.test_glue_source" name="test_platform_must_be_valid" time="0.000" /><testcase classname="tests.unit.test_glue_source" name="test_without_underlying_platform" time="0.080" /><testcase classname="tests.unit.test_glue_source" name="test_glue_stateful" time="0.687" /><testcase classname="tests.unit.test_great_expectations_action" name="test_DataHubValidationAction_basic" time="0.094" /><testcase classname="tests.unit.test_great_expectations_action" name="test_DataHubValidationAction_graceful_failure" time="0.092" /><testcase classname="tests.unit.test_great_expectations_action" name="test_DataHubValidationAction_not_supported" time="0.090" /><testcase classname="tests.unit.test_hana_source" name="test_platform_correctly_set_hana" time="0.001" /><testcase classname="tests.unit.test_hana_source" name="test_hana_uri_native" time="0.000" /><testcase classname="tests.unit.test_hana_source" name="test_hana_uri_native_db" time="0.000" /><testcase classname="tests.unit.test_hive_source" name="test_hive_configuration_get_identifier_with_database" time="0.001" /><testcase classname="tests.unit.test_hive_source" name="test_hive_configuration_get_avro_schema_from_native_data_type" time="0.002" /><testcase classname="tests.unit.test_iceberg" name="test_adls_config_no_credential" time="0.000" /><testcase classname="tests.unit.test_iceberg" name="test_adls_config_with_sas_credential" time="0.000" /><testcase classname="tests.unit.test_iceberg" name="test_adls_config_with_key_credential" time="0.000" /><testcase classname="tests.unit.test_iceberg" name="test_adls_config_with_client_secret_credential" time="0.000" /><testcase classname="tests.unit.test_iceberg" name="test_config_for_tests" time="0.000" /><testcase classname="tests.unit.test_iceberg" name="test_config_no_filesystem" time="0.000" /><testcase classname="tests.unit.test_iceberg" name="test_config_multiple_filesystems" time="0.000" /><testcase classname="tests.unit.test_iceberg" name="test_iceberg_primitive_type_to_schema_field[iceberg_type0-BytesTypeClass]" time="0.001" /><testcase classname="tests.unit.test_iceberg" name="test_iceberg_primitive_type_to_schema_field[iceberg_type1-BooleanTypeClass]" time="0.001" /><testcase classname="tests.unit.test_iceberg" name="test_iceberg_primitive_type_to_schema_field[iceberg_type2-DateTypeClass]" time="0.001" /><testcase classname="tests.unit.test_iceberg" name="test_iceberg_primitive_type_to_schema_field[iceberg_type3-NumberTypeClass]" time="0.001" /><testcase classname="tests.unit.test_iceberg" name="test_iceberg_primitive_type_to_schema_field[iceberg_type4-NumberTypeClass]" time="0.001" /><testcase classname="tests.unit.test_iceberg" name="test_iceberg_primitive_type_to_schema_field[iceberg_type5-FixedTypeClass]" time="0.001" /><testcase classname="tests.unit.test_iceberg" name="test_iceberg_primitive_type_to_schema_field[iceberg_type6-NumberTypeClass]" time="0.001" /><testcase classname="tests.unit.test_iceberg" name="test_iceberg_primitive_type_to_schema_field[iceberg_type7-NumberTypeClass]" time="0.001" /><testcase classname="tests.unit.test_iceberg" name="test_iceberg_primitive_type_to_schema_field[iceberg_type8-NumberTypeClass]" time="0.001" /><testcase classname="tests.unit.test_iceberg" name="test_iceberg_primitive_type_to_schema_field[iceberg_type9-StringTypeClass]" time="0.001" /><testcase classname="tests.unit.test_iceberg" name="test_iceberg_primitive_type_to_schema_field[iceberg_type10-TimeTypeClass]" time="0.001" /><testcase classname="tests.unit.test_iceberg" name="test_iceberg_primitive_type_to_schema_field[iceberg_type11-TimeTypeClass]" time="0.001" /><testcase classname="tests.unit.test_iceberg" name="test_iceberg_primitive_type_to_schema_field[iceberg_type12-TimeTypeClass]" time="0.001" /><testcase classname="tests.unit.test_iceberg" name="test_iceberg_primitive_type_to_schema_field[iceberg_type13-StringTypeClass]" time="0.001" /><testcase classname="tests.unit.test_iceberg" name="test_iceberg_list_to_schema_field[iceberg_type0-bytes]" time="0.001" /><testcase classname="tests.unit.test_iceberg" name="test_iceberg_list_to_schema_field[iceberg_type1-boolean]" time="0.001" /><testcase classname="tests.unit.test_iceberg" name="test_iceberg_list_to_schema_field[iceberg_type2-date]" time="0.001" /><testcase classname="tests.unit.test_iceberg" name="test_iceberg_list_to_schema_field[iceberg_type3-decimal]" time="0.001" /><testcase classname="tests.unit.test_iceberg" name="test_iceberg_list_to_schema_field[iceberg_type4-double]" time="0.000" /><testcase classname="tests.unit.test_iceberg" name="test_iceberg_list_to_schema_field[iceberg_type5-fixed]" time="0.001" /><testcase classname="tests.unit.test_iceberg" name="test_iceberg_list_to_schema_field[iceberg_type6-float]" time="0.000" /><testcase classname="tests.unit.test_iceberg" name="test_iceberg_list_to_schema_field[iceberg_type7-int]" time="0.000" /><testcase classname="tests.unit.test_iceberg" name="test_iceberg_list_to_schema_field[iceberg_type8-long]" time="0.001" /><testcase classname="tests.unit.test_iceberg" name="test_iceberg_list_to_schema_field[iceberg_type9-string]" time="0.001" /><testcase classname="tests.unit.test_iceberg" name="test_iceberg_list_to_schema_field[iceberg_type10-timestamp-micros]" time="0.001" /><testcase classname="tests.unit.test_iceberg" name="test_iceberg_list_to_schema_field[iceberg_type11-timestamp-micros]" time="0.001" /><testcase classname="tests.unit.test_iceberg" name="test_iceberg_list_to_schema_field[iceberg_type12-time-micros]" time="0.001" /><testcase classname="tests.unit.test_iceberg" name="test_iceberg_list_to_schema_field[iceberg_type13-uuid]" time="0.001" /><testcase classname="tests.unit.test_iceberg" name="test_iceberg_map_to_schema_field[iceberg_type0-BytesTypeClass]" time="0.001" /><testcase classname="tests.unit.test_iceberg" name="test_iceberg_map_to_schema_field[iceberg_type1-BooleanTypeClass]" time="0.001" /><testcase classname="tests.unit.test_iceberg" name="test_iceberg_map_to_schema_field[iceberg_type2-DateTypeClass]" time="0.001" /><testcase classname="tests.unit.test_iceberg" name="test_iceberg_map_to_schema_field[iceberg_type3-NumberTypeClass]" time="0.001" /><testcase classname="tests.unit.test_iceberg" name="test_iceberg_map_to_schema_field[iceberg_type4-NumberTypeClass]" time="0.001" /><testcase classname="tests.unit.test_iceberg" name="test_iceberg_map_to_schema_field[iceberg_type5-FixedTypeClass]" time="0.001" /><testcase classname="tests.unit.test_iceberg" name="test_iceberg_map_to_schema_field[iceberg_type6-NumberTypeClass]" time="0.001" /><testcase classname="tests.unit.test_iceberg" name="test_iceberg_map_to_schema_field[iceberg_type7-NumberTypeClass]" time="0.001" /><testcase classname="tests.unit.test_iceberg" name="test_iceberg_map_to_schema_field[iceberg_type8-NumberTypeClass]" time="0.001" /><testcase classname="tests.unit.test_iceberg" name="test_iceberg_map_to_schema_field[iceberg_type9-StringTypeClass]" time="0.001" /><testcase classname="tests.unit.test_iceberg" name="test_iceberg_map_to_schema_field[iceberg_type10-TimeTypeClass]" time="0.001" /><testcase classname="tests.unit.test_iceberg" name="test_iceberg_map_to_schema_field[iceberg_type11-TimeTypeClass]" time="0.001" /><testcase classname="tests.unit.test_iceberg" name="test_iceberg_map_to_schema_field[iceberg_type12-TimeTypeClass]" time="0.001" /><testcase classname="tests.unit.test_iceberg" name="test_iceberg_map_to_schema_field[iceberg_type13-StringTypeClass]" time="0.001" /><testcase classname="tests.unit.test_iceberg" name="test_iceberg_struct_to_schema_field[iceberg_type0-BytesTypeClass]" time="0.001" /><testcase classname="tests.unit.test_iceberg" name="test_iceberg_struct_to_schema_field[iceberg_type1-BooleanTypeClass]" time="0.001" /><testcase classname="tests.unit.test_iceberg" name="test_iceberg_struct_to_schema_field[iceberg_type2-DateTypeClass]" time="0.001" /><testcase classname="tests.unit.test_iceberg" name="test_iceberg_struct_to_schema_field[iceberg_type3-NumberTypeClass]" time="0.001" /><testcase classname="tests.unit.test_iceberg" name="test_iceberg_struct_to_schema_field[iceberg_type4-NumberTypeClass]" time="0.001" /><testcase classname="tests.unit.test_iceberg" name="test_iceberg_struct_to_schema_field[iceberg_type5-FixedTypeClass]" time="0.001" /><testcase classname="tests.unit.test_iceberg" name="test_iceberg_struct_to_schema_field[iceberg_type6-NumberTypeClass]" time="0.001" /><testcase classname="tests.unit.test_iceberg" name="test_iceberg_struct_to_schema_field[iceberg_type7-NumberTypeClass]" time="0.001" /><testcase classname="tests.unit.test_iceberg" name="test_iceberg_struct_to_schema_field[iceberg_type8-NumberTypeClass]" time="0.001" /><testcase classname="tests.unit.test_iceberg" name="test_iceberg_struct_to_schema_field[iceberg_type9-StringTypeClass]" time="0.001" /><testcase classname="tests.unit.test_iceberg" name="test_iceberg_struct_to_schema_field[iceberg_type10-TimeTypeClass]" time="0.001" /><testcase classname="tests.unit.test_iceberg" name="test_iceberg_struct_to_schema_field[iceberg_type11-TimeTypeClass]" time="0.001" /><testcase classname="tests.unit.test_iceberg" name="test_iceberg_struct_to_schema_field[iceberg_type12-TimeTypeClass]" time="0.001" /><testcase classname="tests.unit.test_iceberg" name="test_iceberg_struct_to_schema_field[iceberg_type13-StringTypeClass]" time="0.001" /><testcase classname="tests.unit.test_iceberg" name="test_avro_decimal_bytes_nullable" time="0.000" /><testcase classname="tests.unit.test_kafka_emitter.KafkaEmitterTest" name="test_kafka_emitter_config" time="0.000" /><testcase classname="tests.unit.test_kafka_emitter.KafkaEmitterTest" name="test_kafka_emitter_config_old_and_new" time="0.000" /><testcase classname="tests.unit.test_kafka_emitter.KafkaEmitterTest" name="test_kafka_emitter_config_topic_upgrade" time="0.000" /><testcase classname="tests.unit.test_kafka_sink.KafkaSinkTest" name="test_kafka_callback_class" time="0.005" /><testcase classname="tests.unit.test_kafka_sink.KafkaSinkTest" name="test_kafka_sink_close" time="0.010" /><testcase classname="tests.unit.test_kafka_sink.KafkaSinkTest" name="test_kafka_sink_config" time="0.010" /><testcase classname="tests.unit.test_kafka_sink.KafkaSinkTest" name="test_kafka_sink_mcp" time="0.008" /><testcase classname="tests.unit.test_kafka_sink.KafkaSinkTest" name="test_kafka_sink_write" time="0.013" /><testcase classname="tests.unit.test_kafka_source" name="test_kafka_source_configuration" time="0.019" /><testcase classname="tests.unit.test_kafka_source" name="test_kafka_source_workunits_wildcard_topic" time="0.016" /><testcase classname="tests.unit.test_kafka_source" name="test_kafka_source_workunits_topic_pattern" time="0.032" /><testcase classname="tests.unit.test_kafka_source" name="test_kafka_source_workunits_with_platform_instance" time="0.013" /><testcase classname="tests.unit.test_kafka_source" name="test_close" time="0.013" /><testcase classname="tests.unit.test_kafka_source" name="test_kafka_source_stateful_ingestion_requires_platform_instance" time="0.002" /><testcase classname="tests.unit.test_kafka_source" name="test_kafka_source_workunits_schema_registry_subject_name_strategies" time="0.017" /><testcase classname="tests.unit.test_kafka_source" name="test_kafka_ignore_warnings_on_schema_type[ignore_warnings_on_schema_type-FALSE]" time="0.020" /><testcase classname="tests.unit.test_kafka_source" name="test_kafka_ignore_warnings_on_schema_type[ignore_warnings_on_schema_type-TRUE]" time="0.015" /><testcase classname="tests.unit.test_kafka_source" name="test_kafka_source_succeeds_with_admin_client_init_error" time="0.026" /><testcase classname="tests.unit.test_kafka_source" name="test_kafka_source_succeeds_with_describe_configs_error" time="0.025" /><testcase classname="tests.unit.test_key_value_pattern" name="test_empty_pattern" time="0.000" /><testcase classname="tests.unit.test_key_value_pattern" name="test_basic_pattern" time="0.000" /><testcase classname="tests.unit.test_key_value_pattern" name="test_regex_pattern" time="0.000" /><testcase classname="tests.unit.test_key_value_pattern" name="test_no_fallthrough_pattern" time="0.000" /><testcase classname="tests.unit.test_key_value_pattern" name="test_fallthrough_pattern" time="0.000" /><testcase classname="tests.unit.test_key_value_pattern" name="test_fullmatch_pattern" time="0.000" /><testcase classname="tests.unit.test_key_value_pattern" name="test_fullmatch_mix_pattern" time="0.001" /><testcase classname="tests.unit.test_ldap_source" name="test_strip_ldap_info" time="0.000" /><testcase classname="tests.unit.test_ldap_source" name="test_parse_from_attrs[input0-expected0]" time="0.000" /><testcase classname="tests.unit.test_ldap_source" name="test_parse_from_attrs[input1-expected1]" time="0.000" /><testcase classname="tests.unit.test_ldap_state" name="test_add_checkpoint_urn" time="0.000" /><testcase classname="tests.unit.test_ldap_state" name="test_get_urns_not_in" time="0.000" /><testcase classname="tests.unit.test_ldap_state" name="test_get_percent_entities_changed" time="0.000" /><testcase classname="tests.unit.test_mapping" name="test_operation_processor_not_matching" time="0.000" /><testcase classname="tests.unit.test_mapping" name="test_operation_processor_matching" time="0.001" /><testcase classname="tests.unit.test_mapping" name="test_operation_processor_no_email_strip_source_type_not_null" time="0.000" /><testcase classname="tests.unit.test_mapping" name="test_operation_processor_advanced_matching_owners" time="0.000" /><testcase classname="tests.unit.test_mapping" name="test_operation_processor_ownership_category" time="0.000" /><testcase classname="tests.unit.test_mapping" name="test_operation_processor_advanced_matching_tags" time="0.000" /><testcase classname="tests.unit.test_mariadb_source" name="test_platform_correctly_set_mariadb" time="0.001" /><testcase classname="tests.unit.test_mariadb_source" name="test_platform_correctly_set_mysql" time="0.001" /><testcase classname="tests.unit.test_mce_builder" name="test_can_add_aspect" time="0.001" /><testcase classname="tests.unit.test_mce_builder" name="test_create_dataset_urn_with_reserved_chars" time="0.000" /><testcase classname="tests.unit.test_mce_helpers" name="test_basic_diff_same" time="0.003" /><testcase classname="tests.unit.test_mce_helpers" name="test_basic_diff_only_owner_change" time="0.014" /><testcase classname="tests.unit.test_mce_helpers" name="test_basic_diff_owner_change" time="0.011" /><testcase classname="tests.unit.test_mcp_builder" name="test_guid_generator" time="0.000" /><testcase classname="tests.unit.test_mcp_builder" name="test_guid_generator_with_empty_instance" time="0.000" /><testcase classname="tests.unit.test_mcp_builder" name="test_guid_generator_with_instance" time="0.000" /><testcase classname="tests.unit.test_mcp_builder" name="test_guid_generator_with_backcompat_instance" time="0.000" /><testcase classname="tests.unit.test_mcp_builder" name="test_guid_generators" time="0.000" /><testcase classname="tests.unit.test_mcp_wrapper" name="test_mcpw_inference" time="0.000" /><testcase classname="tests.unit.test_mcp_wrapper" name="test_mcpw_from_obj" time="0.001" /><testcase classname="tests.unit.test_nifi_source" name="test_nifi_s3_provenance_event" time="0.002" /><testcase classname="tests.unit.test_notebook_urn.TestNotebookUrn" name="test_invalid_urn" time="0.000" /><testcase classname="tests.unit.test_notebook_urn.TestNotebookUrn" name="test_parse_urn" time="0.000" /><testcase classname="tests.unit.test_openapi.TestGetEndpoints" name="test_get_endpoints_openapi20" time="0.007" /><testcase classname="tests.unit.test_openapi.TestGetEndpoints" name="test_get_endpoints_openapi30" time="0.012" /><testcase classname="tests.unit.test_openapi.TestExplodeDict" name="test_d1" time="0.000" /><testcase classname="tests.unit.test_openapi.TestGuessing" name="test_mul_cids" time="0.001" /><testcase classname="tests.unit.test_openapi.TestGuessing" name="test_mul_ids" time="0.000" /><testcase classname="tests.unit.test_openapi.TestGuessing" name="test_name_id" time="0.000" /><testcase classname="tests.unit.test_openapi.TestGuessing" name="test_name_id2" time="0.000" /><testcase classname="tests.unit.test_openapi.TestGuessing" name="test_no_good_guesses" time="0.000" /><testcase classname="tests.unit.test_openapi.TestGuessing" name="test_no_k_f" time="0.000" /><testcase classname="tests.unit.test_openapi.TestGuessing" name="test_one_cid" time="0.000" /><testcase classname="tests.unit.test_openapi.TestGuessing" name="test_one_id" time="0.000" /><testcase classname="tests.unit.test_openapi.TestGuessing" name="test_only_id" time="0.000" /><testcase classname="tests.unit.test_oracle_source" name="test_oracle_config" time="0.002" /><testcase classname="tests.unit.test_packaging" name="test_datahub_version" time="0.001" /><testcase classname="tests.unit.test_parsing_util" name="test_get_missing_key" time="0.000" /><testcase classname="tests.unit.test_parsing_util" name="test_get_missing_key_any" time="0.000" /><testcase classname="tests.unit.test_pipeline.TestPipeline" name="test_configure" time="0.050" /><testcase classname="tests.unit.test_pipeline.TestPipeline" name="test_configure_without_sink" time="0.042" /><testcase classname="tests.unit.test_pipeline.TestPipeline" name="test_configure_with_rest_sink_initializes_graph" time="0.039" /><testcase classname="tests.unit.test_pipeline.TestPipeline" name="test_configure_with_rest_sink_with_additional_props_initializes_graph" time="0.039" /><testcase classname="tests.unit.test_pipeline.TestPipeline" name="test_configure_with_file_sink_does_not_init_graph" time="0.046" /><testcase classname="tests.unit.test_pipeline.TestPipeline" name="test_run_including_fake_transformation" time="0.038" /><testcase classname="tests.unit.test_pipeline.TestPipeline" name="test_run_including_registered_transformation" time="0.036" /><testcase classname="tests.unit.test_pipeline.TestPipeline" name="test_pipeline_process_commits[ALWAYS-no-warnings-no-errors]" time="0.037" /><testcase classname="tests.unit.test_pipeline.TestPipeline" name="test_pipeline_process_commits[ON_NO_ERRORS-no-warnings-no-errors]" time="0.038" /><testcase classname="tests.unit.test_pipeline.TestPipeline" name="test_pipeline_process_commits[ON_NO_ERRORS_AND_NO_WARNINGS-no-warnings-no-errors]" time="0.037" /><testcase classname="tests.unit.test_pipeline.TestPipeline" name="test_pipeline_process_commits[ALWAYS-with-warnings]" time="0.038" /><testcase classname="tests.unit.test_pipeline.TestPipeline" name="test_pipeline_process_commits[ON_NO_ERRORS-with-warnings]" time="0.040" /><testcase classname="tests.unit.test_pipeline.TestPipeline" name="test_pipeline_process_commits[ON_NO_ERRORS_AND_NO_WARNINGS-with-warnings]" time="0.037" /><testcase classname="tests.unit.test_pipeline.TestPipeline" name="test_pipeline_process_commits[ALWAYS-with-errors]" time="0.038" /><testcase classname="tests.unit.test_pipeline.TestPipeline" name="test_pipeline_process_commits[ON_NO_ERRORS-with-errors]" time="0.038" /><testcase classname="tests.unit.test_pipeline.TestPipeline" name="test_pipeline_process_commits[ON_NO_ERRORS_AND_NO_WARNINGS-with-errors]" time="0.037" /><testcase classname="tests.unit.test_plugin_system" name="test_registry_nonempty[registry0]" time="0.000" /><testcase classname="tests.unit.test_plugin_system" name="test_registry_nonempty[registry1]" time="0.000" /><testcase classname="tests.unit.test_plugin_system" name="test_registry_nonempty[registry2]" time="0.000" /><testcase classname="tests.unit.test_plugin_system" name="test_registry_nonempty[registry3]" time="0.000" /><testcase classname="tests.unit.test_plugin_system" name="test_registry" time="0.002" /><testcase classname="tests.unit.test_postgres_source" name="test_database_alias_takes_precendence" time="0.000" /><testcase classname="tests.unit.test_postgres_source" name="test_database_in_identifier" time="0.000" /><testcase classname="tests.unit.test_protobuf_util" name="test_protobuf_schema_to_mce_fields_with_single_empty_message" time="0.021" /><testcase classname="tests.unit.test_protobuf_util" name="test_protobuf_schema_to_mce_fields_with_single_message_single_field_key_schema" time="0.002" /><testcase classname="tests.unit.test_protobuf_util" name="test_protobuf_schema_to_mce_fields_with_two_messages_enum" time="0.002" /><testcase classname="tests.unit.test_protobuf_util" name="test_protobuf_schema_to_mce_fields_nested" time="0.002" /><testcase classname="tests.unit.test_protobuf_util" name="test_protobuf_schema_to_mce_fields_repeated" time="0.002" /><testcase classname="tests.unit.test_protobuf_util" name="test_protobuf_schema_to_mce_fields_nestd_repeated" time="0.002" /><testcase classname="tests.unit.test_protobuf_util" name="test_protobuf_schema_to_mce_fields_map" time="0.002" /><testcase classname="tests.unit.test_protobuf_util" name="test_protobuf_schema_to_mce_fields_with_complex_schema" time="0.002" /><testcase classname="tests.unit.test_protobuf_util" name="test_protobuf_schema_with_recursive_type" time="0.002" /><testcase classname="tests.unit.test_pulsar_source.TestPulsarSourceConfig" name="test_pulsar_source_config_valid_web_service_url" time="0.001" /><testcase classname="tests.unit.test_pulsar_source.TestPulsarSourceConfig" name="test_pulsar_source_config_invalid_web_service_url_scheme" time="0.001" /><testcase classname="tests.unit.test_pulsar_source.TestPulsarSourceConfig" name="test_pulsar_source_config_invalid_web_service_url_host" time="0.001" /><testcase classname="tests.unit.test_pulsar_source.TestPulsarTopic" name="test_pulsar_source_parse_topic_string" time="0.000" /><testcase classname="tests.unit.test_pulsar_source.TestPulsarSchema" name="test_pulsar_source_parse_pulsar_schema" time="0.000" /><testcase classname="tests.unit.test_pulsar_source.TestPulsarSource" name="test_pulsar_source_get_token_jwt" time="0.001" /><testcase classname="tests.unit.test_pulsar_source.TestPulsarSource" name="test_pulsar_source_get_token_oauth" time="0.003" /><testcase classname="tests.unit.test_pulsar_source.TestPulsarSource" name="test_pulsar_source_get_workunits_all_tenant" time="0.002" /><testcase classname="tests.unit.test_pulsar_source.TestPulsarSource" name="test_pulsar_source_get_workunits_custom_tenant" time="0.002" /><testcase classname="tests.unit.test_pulsar_source.TestPulsarSource" name="test_pulsar_source_get_workunits_patterns" time="0.002" /><testcase classname="tests.unit.test_redash_source" name="test_get_dashboard_snapshot_before_v10" time="0.001" /><testcase classname="tests.unit.test_redash_source" name="test_get_dashboard_snapshot_after_v10" time="0.000" /><testcase classname="tests.unit.test_redash_source" name="test_get_known_viz_chart_snapshot" time="0.001" /><testcase classname="tests.unit.test_redash_source" name="test_get_unknown_viz_chart_snapshot" time="0.001" /><testcase classname="tests.unit.test_redash_source" name="test_get_full_qualified_name" time="0.000" /><testcase classname="tests.unit.test_redash_source" name="test_get_chart_snapshot_parse_table_names_from_sql" time="0.321" /><testcase classname="tests.unit.test_rest_emitter" name="test_datahub_rest_emitter_construction" time="0.001" /><testcase classname="tests.unit.test_rest_emitter" name="test_datahub_rest_emitter_timeout_construction" time="0.000" /><testcase classname="tests.unit.test_rest_emitter" name="test_datahub_rest_emitter_retry_construction" time="0.000" /><testcase classname="tests.unit.test_rest_emitter" name="test_datahub_rest_emitter_extra_params" time="0.000" /><testcase classname="tests.unit.test_rest_sink" name="test_datahub_rest_emitter[record0-/entities?action=ingest-snapshot0]" time="0.007" /><testcase classname="tests.unit.test_rest_sink" name="test_datahub_rest_emitter[record1-/entities?action=ingest-snapshot1]" time="0.003" /><testcase classname="tests.unit.test_rest_sink" name="test_datahub_rest_emitter[record2-/entities?action=ingest-snapshot2]" time="0.004" /><testcase classname="tests.unit.test_rest_sink" name="test_datahub_rest_emitter[record3-/entities?action=ingest-snapshot3]" time="0.003" /><testcase classname="tests.unit.test_rest_sink" name="test_datahub_rest_emitter[record4-/usageStats?action=batchIngest-snapshot4]" time="0.004" /><testcase classname="tests.unit.test_rest_sink" name="test_datahub_rest_emitter[record5-/aspects?action=ingestProposal-snapshot5]" time="0.004" /><testcase classname="tests.unit.test_schema_util" name="test_avro_schema_to_mce_fields_events_with_nullable_fields[optional_field_via_union_type]" time="0.001" /><testcase classname="tests.unit.test_schema_util" name="test_avro_schema_to_mce_fields_events_with_nullable_fields[optional_field_via_union_null_not_first]" time="0.000" /><testcase classname="tests.unit.test_schema_util" name="test_avro_schema_to_mce_fields_events_with_nullable_fields[optional_field_via_primitive]" time="0.000" /><testcase classname="tests.unit.test_schema_util" name="test_avro_schema_to_mce_fields_events_with_nullable_fields[optional_field_via_fixed]" time="0.000" /><testcase classname="tests.unit.test_schema_util" name="test_avro_schema_to_mce_fields_sample_events_with_different_field_types" time="0.000" /><testcase classname="tests.unit.test_schema_util" name="test_avro_schema_to_mce_fields_record_with_two_fields" time="0.000" /><testcase classname="tests.unit.test_schema_util" name="test_avro_schema_to_mce_fields_toplevel_isnt_a_record" time="0.000" /><testcase classname="tests.unit.test_schema_util" name="test_avro_schema_namespacing" time="0.001" /><testcase classname="tests.unit.test_schema_util" name="test_avro_schema_to_mce_fields_with_default" time="0.000" /><testcase classname="tests.unit.test_schema_util" name="test_avro_schema_with_recursion" time="0.000" /><testcase classname="tests.unit.test_schema_util" name="test_avro_sample_payment_schema_to_mce_fields_with_nesting" time="0.001" /><testcase classname="tests.unit.test_schema_util" name="test_avro_schema_to_mce_fields_with_nesting_across_records" time="0.001" /><testcase classname="tests.unit.test_schema_util" name="test_simple_record_with_primitive_types" time="0.000" /><testcase classname="tests.unit.test_schema_util" name="test_simple_nested_record_with_a_string_field_for_key_schema" time="0.000" /><testcase classname="tests.unit.test_schema_util" name="test_union_with_nested_record_of_union" time="0.000" /><testcase classname="tests.unit.test_schema_util" name="test_nested_arrays" time="0.000" /><testcase classname="tests.unit.test_schema_util" name="test_map_of_union_of_int_and_record_of_union" time="0.001" /><testcase classname="tests.unit.test_schema_util" name="test_recursive_avro" time="0.000" /><testcase classname="tests.unit.test_schema_util" name="test_needs_disambiguation_nested_union_of_records_with_same_field_name" time="0.001" /><testcase classname="tests.unit.test_schema_util" name="test_mce_avro_parses_okay" time="0.264" /><testcase classname="tests.unit.test_schema_util" name="test_key_schema_handling" time="0.001" /><testcase classname="tests.unit.test_schema_util" name="test_logical_types_bare" time="0.001" /><testcase classname="tests.unit.test_schema_util" name="test_logical_types_fully_specified_in_type" time="0.000" /><testcase classname="tests.unit.test_schema_util" name="test_ignore_exceptions" time="0.002" /><testcase classname="tests.unit.test_snowflake_source" name="test_snowflake_source_throws_error_on_account_id_missing" time="0.001" /><testcase classname="tests.unit.test_snowflake_source" name="test_snowflake_throws_error_on_client_id_missing_if_using_oauth" time="0.001" /><testcase classname="tests.unit.test_snowflake_source" name="test_snowflake_throws_error_on_client_secret_missing_if_use_certificate_is_false" time="0.001" /><testcase classname="tests.unit.test_snowflake_source" name="test_snowflake_throws_error_on_encoded_oauth_private_key_missing_if_use_certificate_is_true" time="0.001" /><testcase classname="tests.unit.test_snowflake_source" name="test_account_id_is_added_when_host_port_is_present" time="0.001" /><testcase classname="tests.unit.test_snowflake_source" name="test_account_id_with_snowflake_host_suffix" time="0.001" /><testcase classname="tests.unit.test_snowflake_source" name="test_snowflake_uri_default_authentication" time="0.001" /><testcase classname="tests.unit.test_snowflake_source" name="test_snowflake_uri_external_browser_authentication" time="0.001" /><testcase classname="tests.unit.test_snowflake_source" name="test_snowflake_uri_key_pair_authentication" time="0.001" /><testcase classname="tests.unit.test_snowflake_source" name="test_options_contain_connect_args" time="0.001" /><testcase classname="tests.unit.test_snowflake_source" name="test_snowflake_config_with_view_lineage_no_table_lineage_throws_error" time="0.001" /><testcase classname="tests.unit.test_snowflake_source" name="test_snowflake_config_with_column_lineage_no_table_lineage_throws_error" time="0.001" /><testcase classname="tests.unit.test_snowflake_source" name="test_snowflake_config_with_no_connect_args_returns_base_connect_args" time="0.001" /><testcase classname="tests.unit.test_snowflake_source" name="test_snowflake_config_with_connect_args_overrides_base_connect_args" time="0.001" /><testcase classname="tests.unit.test_snowflake_source" name="test_test_connection_failure" time="0.002" /><testcase classname="tests.unit.test_snowflake_source" name="test_test_connection_basic_success" time="0.003" /><testcase classname="tests.unit.test_snowflake_source" name="test_test_connection_no_warehouse" time="0.002" /><testcase classname="tests.unit.test_snowflake_source" name="test_test_connection_capability_schema_failure" time="0.002" /><testcase classname="tests.unit.test_snowflake_source" name="test_test_connection_capability_schema_success" time="0.002" /><testcase classname="tests.unit.test_snowflake_source" name="test_test_connection_capability_all_success" time="0.003" /><testcase classname="tests.unit.test_snowflake_source" name="test_aws_cloud_region_from_snowflake_region_id" time="0.000" /><testcase classname="tests.unit.test_snowflake_source" name="test_google_cloud_region_from_snowflake_region_id" time="0.000" /><testcase classname="tests.unit.test_snowflake_source" name="test_azure_cloud_region_from_snowflake_region_id" time="0.000" /><testcase classname="tests.unit.test_snowflake_source" name="test_unknown_cloud_region_from_snowflake_region_id" time="0.000" /><testcase classname="tests.unit.test_source_helpers" name="test_auto_workunit" time="0.000" /><testcase classname="tests.unit.test_source_helpers" name="test_auto_status_aspect" time="0.000" /><testcase classname="tests.unit.test_sql_common" name="test_generate_foreign_key" time="0.001" /><testcase classname="tests.unit.test_sql_common" name="test_use_source_schema_for_foreign_key_if_not_specified" time="0.001" /><testcase classname="tests.unit.test_sql_common" name="test_get_platform_from_sqlalchemy_uri[awsathena://test_athena:3316/athenadb]" time="0.000" /><testcase classname="tests.unit.test_sql_common" name="test_get_platform_from_sqlalchemy_uri[bigquery://test_bq:3316/bigquery]" time="0.000" /><testcase classname="tests.unit.test_sql_common" name="test_get_platform_from_sqlalchemy_uri[clickhouse://test_clickhouse:3316/clickhousedb]" time="0.000" /><testcase classname="tests.unit.test_sql_common" name="test_get_platform_from_sqlalchemy_uri[druid://test_druid:1101/druiddb]" time="0.000" /><testcase classname="tests.unit.test_sql_common" name="test_get_platform_from_sqlalchemy_uri[hive://test_hive:1201/hive]" time="0.000" /><testcase classname="tests.unit.test_sql_common" name="test_get_platform_from_sqlalchemy_uri[mongodb://test_mongodb:1201/mongo]" time="0.000" /><testcase classname="tests.unit.test_sql_common" name="test_get_platform_from_sqlalchemy_uri[mssql://test_mssql:1201/mssqldb]" time="0.000" /><testcase classname="tests.unit.test_sql_common" name="test_get_platform_from_sqlalchemy_uri[mysql://test_mysql:1201/mysql]" time="0.000" /><testcase classname="tests.unit.test_sql_common" name="test_get_platform_from_sqlalchemy_uri[oracle://test_oracle:3306/oracledb]" time="0.000" /><testcase classname="tests.unit.test_sql_common" name="test_get_platform_from_sqlalchemy_uri[pinot://test_pinot:3306/pinot]" time="0.000" /><testcase classname="tests.unit.test_sql_common" name="test_get_platform_from_sqlalchemy_uri[postgresql://test_postgres:5432/postgres]" time="0.000" /><testcase classname="tests.unit.test_sql_common" name="test_get_platform_from_sqlalchemy_uri[presto://test_presto:5432/prestodb]" time="0.000" /><testcase classname="tests.unit.test_sql_common" name="test_get_platform_from_sqlalchemy_uri[redshift://test_redshift:5432/redshift]" time="0.000" /><testcase classname="tests.unit.test_sql_common" name="test_get_platform_from_sqlalchemy_uri[jdbc:postgres://test_redshift:5432/redshift.amazonaws]" time="0.000" /><testcase classname="tests.unit.test_sql_common" name="test_get_platform_from_sqlalchemy_uri[postgresql://test_redshift:5432/redshift.amazonaws]" time="0.000" /><testcase classname="tests.unit.test_sql_common" name="test_get_platform_from_sqlalchemy_uri[snowflake://test_snowflake:5432/snowflakedb]" time="0.000" /><testcase classname="tests.unit.test_sql_common" name="test_get_platform_from_sqlalchemy_uri[trino://test_trino:5432/trino]" time="0.000" /><testcase classname="tests.unit.test_superset_source" name="test_default_values" time="0.000" /><testcase classname="tests.unit.test_superset_source" name="test_set_display_uri" time="0.000" /><testcase classname="tests.unit.test_tag_urn.TestTagUrn" name="test_invalid_urn" time="0.000" /><testcase classname="tests.unit.test_tag_urn.TestTagUrn" name="test_parse_urn" time="0.000" /><testcase classname="tests.unit.test_transform_dataset" name="test_simple_dataset_ownership_transformation" time="0.001" /><testcase classname="tests.unit.test_transform_dataset" name="test_simple_dataset_ownership_with_type_transformation" time="0.001" /><testcase classname="tests.unit.test_transform_dataset" name="test_simple_dataset_ownership_with_invalid_type_transformation" time="0.001" /><testcase classname="tests.unit.test_transform_dataset" name="test_simple_remove_dataset_ownership" time="0.000" /><testcase classname="tests.unit.test_transform_dataset" name="test_mark_status_dataset" time="0.013" /><testcase classname="tests.unit.test_transform_dataset" name="test_add_dataset_browse_paths" time="0.001" /><testcase classname="tests.unit.test_transform_dataset" name="test_simple_dataset_tags_transformation" time="0.001" /><testcase classname="tests.unit.test_transform_dataset" name="test_pattern_dataset_tags_transformation" time="0.001" /><testcase classname="tests.unit.test_transform_dataset" name="test_import_resolver" time="0.000" /><testcase classname="tests.unit.test_transform_dataset" name="test_pattern_dataset_ownership_transformation" time="0.001" /><testcase classname="tests.unit.test_transform_dataset" name="test_pattern_dataset_ownership_with_type_transformation" time="0.001" /><testcase classname="tests.unit.test_transform_dataset" name="test_pattern_dataset_ownership_with_invalid_type_transformation" time="0.000" /><testcase classname="tests.unit.test_transform_dataset" name="test_ownership_patching_intersect" time="0.001" /><testcase classname="tests.unit.test_transform_dataset" name="test_ownership_patching_with_nones" time="0.001" /><testcase classname="tests.unit.test_transform_dataset" name="test_ownership_patching_with_empty_mce_none_server" time="0.001" /><testcase classname="tests.unit.test_transform_dataset" name="test_ownership_patching_with_empty_mce_nonempty_server" time="0.001" /><testcase classname="tests.unit.test_transform_dataset" name="test_ownership_patching_with_different_types_1" time="0.001" /><testcase classname="tests.unit.test_transform_dataset" name="test_ownership_patching_with_different_types_2" time="0.001" /><testcase classname="tests.unit.test_transform_dataset" name="test_add_dataset_properties" time="0.001" /><testcase classname="tests.unit.test_transform_dataset" name="test_simple_add_dataset_properties_overwrite" time="0.019" /><testcase classname="tests.unit.test_transform_dataset" name="test_simple_add_dataset_properties_patch" time="0.019" /><testcase classname="tests.unit.test_transform_dataset" name="test_simple_add_dataset_properties" time="0.001" /><testcase classname="tests.unit.test_transform_dataset" name="test_simple_add_dataset_properties_replace_existing" time="0.000" /><testcase classname="tests.unit.test_transform_dataset" name="test_simple_dataset_terms_transformation" time="0.001" /><testcase classname="tests.unit.test_transform_dataset" name="test_pattern_dataset_terms_transformation" time="0.001" /><testcase classname="tests.unit.test_transform_dataset" name="test_mcp_add_tags_missing" time="0.001" /><testcase classname="tests.unit.test_transform_dataset" name="test_mcp_add_tags_existing" time="0.000" /><testcase classname="tests.unit.test_transform_dataset" name="test_mcp_multiple_transformers" time="0.004" /><testcase classname="tests.unit.test_transform_dataset" name="test_mcp_multiple_transformers_replace" time="0.030" /><testcase classname="tests.unit.test_transform_dataset" name="test_supression_works" time="0.001" /><testcase classname="tests.unit.test_transform_dataset" name="test_pattern_dataset_schema_terms_transformation" time="0.001" /><testcase classname="tests.unit.test_transform_dataset" name="test_pattern_dataset_schema_tags_transformation" time="0.001" /><testcase classname="tests.unit.test_transform_dataset" name="test_simple_add_dataset_domain" time="0.017" /><testcase classname="tests.unit.test_transform_dataset" name="test_simple_add_dataset_domain_mce_support" time="0.020" /><testcase classname="tests.unit.test_transform_dataset" name="test_simple_add_dataset_domain_replace_existing" time="0.017" /><testcase classname="tests.unit.test_transform_dataset" name="test_simple_add_dataset_domain_semantics_overwrite" time="0.017" /><testcase classname="tests.unit.test_transform_dataset" name="test_simple_add_dataset_domain_semantics_patch" time="0.018" /><testcase classname="tests.unit.test_transform_dataset" name="test_simple_dataset_ownership_transformer_semantics_patch" time="0.017" /><testcase classname="tests.unit.test_transform_dataset" name="test_pattern_dataset_schema_terms_transformation_patch" time="0.018" /><testcase classname="tests.unit.test_transform_dataset" name="test_pattern_dataset_schema_terms_transformation_overwrite" time="0.018" /><testcase classname="tests.unit.test_transform_dataset" name="test_pattern_dataset_schema_tags_transformation_overwrite" time="0.017" /><testcase classname="tests.unit.test_transform_dataset" name="test_pattern_dataset_schema_tags_transformation_patch" time="0.017" /><testcase classname="tests.unit.test_urn.TestUrn" name="test_invalid_urn" time="0.000" /><testcase classname="tests.unit.test_urn.TestUrn" name="test_parse_urn" time="0.000" /><testcase classname="tests.unit.test_urn.TestUrn" name="test_url_encode_urn" time="0.000" /><testcase classname="tests.unit.test_usage_common" name="test_add_one_query_without_columns" time="0.000" /><testcase classname="tests.unit.test_usage_common" name="test_add_one_query_with_ignored_user" time="0.000" /><testcase classname="tests.unit.test_usage_common" name="test_multiple_query_with_ignored_user" time="0.000" /><testcase classname="tests.unit.test_usage_common" name="test_multiple_query_without_columns" time="0.001" /><testcase classname="tests.unit.test_usage_common" name="test_make_usage_workunit" time="0.000" /><testcase classname="tests.unit.test_usage_common" name="test_query_formatting" time="0.001" /><testcase classname="tests.unit.test_usage_common" name="test_query_trimming" time="0.000" /><testcase classname="tests.unit.test_usage_common" name="test_top_n_queries_validator_fails" time="0.000" /><testcase classname="tests.unit.test_usage_common" name="test_make_usage_workunit_include_top_n_queries" time="0.000" /><testcase classname="tests.unit.test_utilities" name="test_delayed_iter" time="0.000" /><testcase classname="tests.unit.test_utilities" name="test_metadatasql_sql_parser_get_tables_from_simple_query" time="0.002" /><testcase classname="tests.unit.test_utilities" name="test_sqllineage_sql_parser_get_tables_from_simple_query" time="0.001" /><testcase classname="tests.unit.test_utilities" name="test_sqllineage_sql_parser_get_tables_from_complex_query" time="0.303" /><testcase classname="tests.unit.test_utilities" name="test_sqllineage_sql_parser_get_columns_with_join" time="0.270" /><testcase classname="tests.unit.test_utilities" name="test_sqllineage_sql_parser_get_columns_from_simple_query" time="0.261" /><testcase classname="tests.unit.test_utilities" name="test_metadatasql_sql_parser_get_columns_with_alias_and_count_star" time="0.261" /><testcase classname="tests.unit.test_utilities" name="test_metadatasql_sql_parser_get_columns_with_more_complex_join" time="0.262" /><testcase classname="tests.unit.test_utilities" name="test_sqllineage_sql_parser_get_columns_complex_query_with_union" time="0.287" /><testcase classname="tests.unit.test_utilities" name="test_metadatasql_sql_parser_get_tables_from_templated_query" time="0.003" /><testcase classname="tests.unit.test_utilities" name="test_sqllineage_sql_parser_get_tables_from_templated_query" time="0.267" /><testcase classname="tests.unit.test_utilities" name="test_metadatasql_sql_parser_get_columns_from_templated_query" time="0.004" /><testcase classname="tests.unit.test_utilities" name="test_sqllineage_sql_parser_get_columns_from_templated_query" time="0.281" /><testcase classname="tests.unit.test_utilities" name="test_sqllineage_sql_parser_with_weird_lookml_query" time="0.283" /><testcase classname="tests.unit.test_utilities" name="test_metadatasql_sql_parser_with_weird_lookml_query" time="0.004" /><testcase classname="tests.unit.test_utilities" name="test_metadatasql_sql_parser_tables_from_redash_query" time="0.004" /><testcase classname="tests.unit.test_utilities" name="test_sqllineage_sql_parser_tables_from_redash_query" time="0.287" /><testcase classname="tests.unit.test_utilities" name="test_sqllineage_sql_parser_tables_with_special_names" time="0.568" /><testcase classname="tests.unit.test_vertica_source" name="test_vertica_uri_https" time="0.001" /><testcase classname="tests.unit.api.test_report" name="test_report_to_string_unsampled" time="0.001" /><testcase classname="tests.unit.api.test_report" name="test_report_to_string_sampled" time="0.001" /><testcase classname="tests.unit.config.test_config_enum" name="test_config_enum" time="0.002" /><testcase classname="tests.unit.config.test_config_loader" name="test_load_success[tests/unit/config/basic.yml-golden_config0-env0-referenced_env_vars0]" time="0.003" /><testcase classname="tests.unit.config.test_config_loader" name="test_load_success[tests/unit/config/basic.toml-golden_config1-env1-None]" time="0.001" /><testcase classname="tests.unit.config.test_config_loader" name="test_load_success[tests/unit/config/simple_variable_expansion.yml-golden_config2-env2-referenced_env_vars2]" time="0.002" /><testcase classname="tests.unit.config.test_config_loader" name="test_load_success[tests/unit/config/complex_variable_expansion.yml-golden_config3-env3-referenced_env_vars3]" time="0.006" /><testcase classname="tests.unit.config.test_config_loader" name="test_load_error[tests/unit/config/bad_variable_expansion.yml-env0-ParameterNullOrNotSet]" time="0.001" /><testcase classname="tests.unit.config.test_config_loader" name="test_load_error[tests/unit/config/this_file_does_not_exist.yml-env1-ConfigurationError]" time="0.001" /><testcase classname="tests.unit.config.test_config_loader" name="test_load_error[tests/unit/config/bad_extension.whatevenisthis-env2-ConfigurationError]" time="0.001" /><testcase classname="tests.unit.config.test_config_loader" name="test_load_error[tests/unit/config/bad_complex_variable_expansion.yml-env3-MissingClosingBrace]" time="0.001" /><testcase classname="tests.unit.config.test_config_model" name="test_extras_not_allowed" time="0.001" /><testcase classname="tests.unit.config.test_config_model" name="test_extras_allowed" time="0.001" /><testcase classname="tests.unit.config.test_config_model" name="test_default_object_copy" time="0.001" /><testcase classname="tests.unit.config.test_config_model" name="test_config_redaction" time="0.000" /><testcase classname="tests.unit.data_lake.test_schema_inference" name="test_infer_schema_csv" time="0.014" /><testcase classname="tests.unit.data_lake.test_schema_inference" name="test_infer_schema_tsv" time="0.005" /><testcase classname="tests.unit.data_lake.test_schema_inference" name="test_infer_schema_json" time="0.001" /><testcase classname="tests.unit.data_lake.test_schema_inference" name="test_infer_schema_parquet" time="0.017" /><testcase classname="tests.unit.data_lake.test_schema_inference" name="test_infer_schema_avro" time="0.002" /><testcase classname="tests.unit.graph.test_client" name="test_get_aspect" time="0.002" /><testcase classname="tests.unit.reporting.test_datahub_ingestion_reporter" name="test_unique_key_gen[all_things]" time="0.001" /><testcase classname="tests.unit.reporting.test_datahub_ingestion_reporter" name="test_unique_key_gen[minimal]" time="0.000" /><testcase classname="tests.unit.reporting.test_datahub_ingestion_reporter" name="test_unique_key_gen[with_pipeline_name]" time="0.000" /><testcase classname="tests.unit.reporting.test_datahub_ingestion_reporter" name="test_default_config" time="0.000" /><testcase classname="tests.unit.sagemaker.test_sagemaker_source" name="test_sagemaker_ingest" time="0.346" /><testcase classname="tests.unit.serde.test_serde" name="test_codegen_aspect_name" time="0.000" /><testcase classname="tests.unit.serde.test_serde" name="test_cannot_instantiated_codegen_aspect" time="0.000" /><testcase classname="tests.unit.serde.test_serde" name="test_serde_to_json[tests/unit/serde/test_serde_large.json]" time="0.079" /><testcase classname="tests.unit.serde.test_serde" name="test_serde_to_json[tests/unit/serde/test_serde_chart_snapshot.json]" time="0.041" /><testcase classname="tests.unit.serde.test_serde" name="test_serde_to_json[tests/unit/serde/test_serde_usage.json]" time="0.046" /><testcase classname="tests.unit.serde.test_serde" name="test_serde_to_json[tests/unit/serde/test_serde_profile.json]" time="0.062" /><testcase classname="tests.unit.serde.test_serde" name="test_serde_to_avro[tests/unit/serde/test_serde_large.json]" time="0.060" /><testcase classname="tests.unit.serde.test_serde" name="test_serde_to_avro[tests/unit/serde/test_serde_chart_snapshot.json]" time="0.046" /><testcase classname="tests.unit.serde.test_serde" name="test_serde_to_avro[tests/unit/serde/test_serde_extra_field.json]" time="0.046" /><testcase classname="tests.unit.serde.test_serde" name="test_check_metadata_schema[tests/unit/serde/test_serde_large.json]" time="0.045" /><testcase classname="tests.unit.serde.test_serde" name="test_check_metadata_schema[tests/unit/serde/test_serde_backwards_compat.json]" time="0.040" /><testcase classname="tests.unit.serde.test_serde" name="test_check_metadata_schema[tests/unit/serde/test_serde_usage.json]" time="0.039" /><testcase classname="tests.unit.serde.test_serde" name="test_check_metadata_schema[tests/unit/serde/test_serde_profile.json]" time="0.043" /><testcase classname="tests.unit.serde.test_serde" name="test_check_metadata_schema[examples/mce_files/single_mce.json]" time="0.039" /><testcase classname="tests.unit.serde.test_serde" name="test_check_metadata_schema[examples/mce_files/mce_list.json]" time="0.039" /><testcase classname="tests.unit.serde.test_serde" name="test_check_metadata_schema[examples/mce_files/bootstrap_mce.json]" time="0.074" /><testcase classname="tests.unit.serde.test_serde" name="test_check_metadata_rewrite" time="0.050" /><testcase classname="tests.unit.serde.test_serde" name="test_check_mce_schema_failure[tests/unit/serde/test_serde_missing_field.json]" time="0.001" /><testcase classname="tests.unit.serde.test_serde" name="test_field_discriminator" time="0.000" /><testcase classname="tests.unit.serde.test_serde" name="test_type_error" time="0.004" /><testcase classname="tests.unit.serde.test_serde" name="test_null_hiding" time="0.001" /><testcase classname="tests.unit.serde.test_serde" name="test_missing_optional_simple" time="0.001" /><testcase classname="tests.unit.serde.test_serde" name="test_missing_optional_in_union" time="0.001" /><testcase classname="tests.unit.serde.test_serde" name="test_reserved_keywords" time="0.001" /><testcase classname="tests.unit.serde.test_serde" name="test_read_empty_dict" time="0.000" /><testcase classname="tests.unit.serde.test_serde" name="test_write_optional_empty_dict" time="0.000" /><testcase classname="tests.unit.stateful_ingestion.test_configs" name="test_state_provider_configs[checkpointing_valid_full_config]" time="0.001" /><testcase classname="tests.unit.stateful_ingestion.test_configs" name="test_state_provider_configs[checkpointing_valid_simple_config]" time="0.000" /><testcase classname="tests.unit.stateful_ingestion.test_configs" name="test_state_provider_configs[checkpointing_default]" time="0.000" /><testcase classname="tests.unit.stateful_ingestion.test_configs" name="test_state_provider_configs[checkpointing_bad_config]" time="0.000" /><testcase classname="tests.unit.stateful_ingestion.test_configs" name="test_state_provider_configs[stateful_ingestion_full_custom]" time="0.000" /><testcase classname="tests.unit.stateful_ingestion.test_configs" name="test_state_provider_configs[stateful_ingestion_default_disabled]" time="0.000" /><testcase classname="tests.unit.stateful_ingestion.test_configs" name="test_state_provider_configs[stateful_ingestion_default_enabled]" time="0.000" /><testcase classname="tests.unit.stateful_ingestion.test_configs" name="test_state_provider_configs[stateful_ingestion_bad_config]" time="0.000" /><testcase classname="tests.unit.stateful_ingestion.test_kafka_state" name="test_kafka_common_state" time="0.000" /><testcase classname="tests.unit.stateful_ingestion.test_kafka_state" name="test_kafka_state_migration" time="0.000" /><testcase classname="tests.unit.stateful_ingestion.provider.test_datahub_ingestion_checkpointing_provider.TestDatahubIngestionCheckpointProvider" name="test_provider" time="0.019" /><testcase classname="tests.unit.stateful_ingestion.state.test_checkpoint" name="test_checkpoint_serde[BaseSQLAlchemyCheckpointState]" time="0.001" /><testcase classname="tests.unit.stateful_ingestion.state.test_checkpoint" name="test_checkpoint_serde[BaseUsageCheckpointState]" time="0.001" /><testcase classname="tests.unit.stateful_ingestion.state.test_checkpoint" name="test_serde_idempotence[BaseSQLAlchemyCheckpointState]" time="0.001" /><testcase classname="tests.unit.stateful_ingestion.state.test_checkpoint" name="test_serde_idempotence[BaseUsageCheckpointState]" time="0.001" /><testcase classname="tests.unit.stateful_ingestion.state.test_checkpoint" name="test_supported_encodings" time="0.001" /><testcase classname="tests.unit.stateful_ingestion.state.test_checkpoint" name="test_base85_upgrade_pickle_to_json" time="0.001" /><testcase classname="tests.unit.stateful_ingestion.state.test_checkpoint" name="test_state_forward_compatibility[utf-8]" time="0.001" /><testcase classname="tests.unit.stateful_ingestion.state.test_checkpoint" name="test_state_forward_compatibility[base85-bz2-json]" time="0.001" /><testcase classname="tests.unit.stateful_ingestion.state.test_sql_common_state" name="test_sql_common_state" time="0.000" /><testcase classname="tests.unit.stateful_ingestion.state.test_sql_common_state" name="test_state_backward_compat" time="0.000" /><testcase classname="tests.unit.stateful_ingestion.state.test_sql_common_state" name="test_deduplication_and_order_preservation" time="0.000" /><testcase classname="tests.unit.stateful_ingestion.state.test_stale_entity_removal_handler" name="test_change_percent[no_change_empty_old_and_new]" time="0.000" /><testcase classname="tests.unit.stateful_ingestion.state.test_stale_entity_removal_handler" name="test_change_percent[no_change_empty_old_and_non_empty_new]" time="0.000" /><testcase classname="tests.unit.stateful_ingestion.state.test_stale_entity_removal_handler" name="test_change_percent[no_change_non_empty_old_new_equals_old]" time="0.000" /><testcase classname="tests.unit.stateful_ingestion.state.test_stale_entity_removal_handler" name="test_change_percent[no_change_non_empty_old_new_superset_old]" time="0.000" /><testcase classname="tests.unit.stateful_ingestion.state.test_stale_entity_removal_handler" name="test_change_percent[change_25_percent_delta]" time="0.000" /><testcase classname="tests.unit.stateful_ingestion.state.test_stale_entity_removal_handler" name="test_change_percent[change_50_percent_delta]" time="0.000" /><testcase classname="tests.unit.stateful_ingestion.state.test_stale_entity_removal_handler" name="test_change_percent[change_75_percent_delta]" time="0.000" /><testcase classname="tests.unit.stateful_ingestion.state.test_stale_entity_removal_handler" name="test_change_percent[change_100_percent_delta_empty_new]" time="0.000" /><testcase classname="tests.unit.stateful_ingestion.state.test_stale_entity_removal_handler" name="test_change_percent[change_100_percent_delta_non_empty_new]" time="0.000" /><testcase classname="tests.unit.utilities.test_hive_schema_to_avro" name="test_get_avro_schema_for_hive_column" time="0.000" /><testcase classname="tests.unit.utilities.test_hive_schema_to_avro" name="test_get_avro_schema_for_struct_hive_column" time="0.001" /><testcase classname="tests.unit.utilities.test_hive_schema_to_avro" name="test_get_avro_schema_for_struct_hive_with_duplicate_column" time="0.000" /><testcase classname="tests.unit.utilities.test_hive_schema_to_avro" name="test_get_avro_schema_for_struct_hive_with_duplicate_column2" time="0.000" /><testcase classname="tests.unit.utilities.test_lossy_collections" name="test_lossylist_sampling[10-False]" time="0.000" /><testcase classname="tests.unit.utilities.test_lossy_collections" name="test_lossylist_sampling[100-True]" time="0.000" /><testcase classname="tests.unit.utilities.test_lossy_collections" name="test_lossyset_sampling[10-False]" time="0.000" /><testcase classname="tests.unit.utilities.test_lossy_collections" name="test_lossyset_sampling[100-True]" time="0.001" /><testcase classname="tests.unit.utilities.test_lossy_collections" name="test_lossydict_sampling[4-False-4]" time="0.001" /><testcase classname="tests.unit.utilities.test_lossy_collections" name="test_lossydict_sampling[10-False-14]" time="0.001" /><testcase classname="tests.unit.utilities.test_lossy_collections" name="test_lossydict_sampling[100-True-1000]" time="0.150" /><testcase classname="tests.unit.utilities.test_memory_footprint" name="test_total_size_with_empty_dict" time="0.000" /><testcase classname="tests.unit.utilities.test_memory_footprint" name="test_total_size_with_list" time="0.000" /><testcase classname="tests.unit.utilities.test_memory_footprint" name="test_total_size_with_none" time="0.000" /><testcase classname="tests.unit.utilities.test_memory_footprint" name="test_total_size_with_defaultdict" time="0.000" /><testcase classname="tests.unit.utilities.test_urn_encoder" name="test_encode_string_without_reserved_chars_no_change[test-database.test-schema.test-table]" time="0.000" /><testcase classname="tests.unit.utilities.test_urn_encoder" name="test_encode_string_without_reserved_chars_no_change[test_database.test$schema.test+table]" time="0.000" /><testcase classname="tests.unit.utilities.test_urn_encoder" name="test_encode_string_without_reserved_chars_no_change[test&amp;database.%testschema.test*table]" time="0.000" /><testcase classname="tests.unit.utilities.test_urn_encoder" name="test_encode_string_with_reserved_chars[test-database,test-schema,test-table]" time="0.000" /><testcase classname="tests.unit.utilities.test_urn_encoder" name="test_encode_string_with_reserved_chars[test_database,(test$schema),test+table]" time="0.000" /><testcase classname="tests.unit.utilities.test_urn_encoder" name="test_encode_string_with_reserved_chars[test&amp;database.test(schema.test*table]" time="0.000" /><testcase classname="tests.integration.azure_ad.test_azure_ad" name="test_azure_ad_config" time="0.000" /><testcase classname="tests.integration.azure_ad.test_azure_ad" name="test_azure_ad_source_default_configs" time="0.060" /><testcase classname="tests.integration.azure_ad.test_azure_ad" name="test_azure_ad_source_nested_groups" time="0.068" /><testcase classname="tests.integration.azure_ad.test_azure_ad" name="test_azure_source_ingestion_disabled" time="0.039" /><testcase classname="tests.integration.business-glossary.test_business_glossary" name="test_auto_id_creation_on_reserved_char" time="0.036" /><testcase classname="tests.integration.csv-enricher.test_csv_enricher" name="test_csv_enricher_config" time="0.000" /><testcase classname="tests.integration.csv-enricher.test_csv_enricher" name="test_csv_enricher_source" time="0.054" /><testcase classname="tests.integration.dbt.test_dbt" name="test_resolve_trino_modified_type[boolean-boolean]" time="0.001" /><testcase classname="tests.integration.dbt.test_dbt" name="test_resolve_trino_modified_type[tinyint-tinyint]" time="0.000" /><testcase classname="tests.integration.dbt.test_dbt" name="test_resolve_trino_modified_type[smallint-smallint]" time="0.000" /><testcase classname="tests.integration.dbt.test_dbt" name="test_resolve_trino_modified_type[int-int]" time="0.000" /><testcase classname="tests.integration.dbt.test_dbt" name="test_resolve_trino_modified_type[integer-integer]" time="0.000" /><testcase classname="tests.integration.dbt.test_dbt" name="test_resolve_trino_modified_type[bigint-bigint]" time="0.000" /><testcase classname="tests.integration.dbt.test_dbt" name="test_resolve_trino_modified_type[real-real]" time="0.000" /><testcase classname="tests.integration.dbt.test_dbt" name="test_resolve_trino_modified_type[double-double]" time="0.000" /><testcase classname="tests.integration.dbt.test_dbt" name="test_resolve_trino_modified_type[decimal(10,0)-decimal]" time="0.000" /><testcase classname="tests.integration.dbt.test_dbt" name="test_resolve_trino_modified_type[varchar(20)-varchar]" time="0.000" /><testcase classname="tests.integration.dbt.test_dbt" name="test_resolve_trino_modified_type[char-char]" time="0.000" /><testcase classname="tests.integration.dbt.test_dbt" name="test_resolve_trino_modified_type[varbinary-varbinary]" time="0.000" /><testcase classname="tests.integration.dbt.test_dbt" name="test_resolve_trino_modified_type[json-json]" time="0.000" /><testcase classname="tests.integration.dbt.test_dbt" name="test_resolve_trino_modified_type[date-date]" time="0.000" /><testcase classname="tests.integration.dbt.test_dbt" name="test_resolve_trino_modified_type[time-time]" time="0.001" /><testcase classname="tests.integration.dbt.test_dbt" name="test_resolve_trino_modified_type[time(12)-time]" time="0.001" /><testcase classname="tests.integration.dbt.test_dbt" name="test_resolve_trino_modified_type[timestamp-timestamp]" time="0.001" /><testcase classname="tests.integration.dbt.test_dbt" name="test_resolve_trino_modified_type[timestamp(3)-timestamp]" time="0.000" /><testcase classname="tests.integration.dbt.test_dbt" name="test_resolve_trino_modified_type[row(x bigint, y double)-row]" time="0.000" /><testcase classname="tests.integration.dbt.test_dbt" name="test_resolve_trino_modified_type[array(row(x bigint, y double))-array]" time="0.000" /><testcase classname="tests.integration.dbt.test_dbt" name="test_resolve_trino_modified_type[map(varchar, varchar)-map]" time="0.000" /><testcase classname="tests.integration.delta_lake.test_local_delta_lake" name="test_delta_lake[relative_path.json]" time="0.072" /><testcase classname="tests.integration.delta_lake.test_local_delta_lake" name="test_delta_lake[allow_table.json]" time="0.127" /><testcase classname="tests.integration.delta_lake.test_local_delta_lake" name="test_delta_lake[single_table.json]" time="0.050" /><testcase classname="tests.integration.delta_lake.test_local_delta_lake" name="test_delta_lake[inner_table.json]" time="0.131" /><testcase classname="tests.integration.delta_lake.test_local_delta_lake" name="test_delta_lake_incorrect_config_raises_error" time="0.003"><failure message="Failed: DID NOT RAISE &lt;class 'Exception'&gt;">tmp_path = PosixPath('/private/var/folders/6m/c47hfqwd0zn1r92z8btmy6wm0000gn/T/pytest-of-dleifker/pytest-1/test_delta_lake_incorrect_conf0')
mock_time = None

    def test_delta_lake_incorrect_config_raises_error(tmp_path, mock_time):
        config_dict = {}
        config_dict["sink"] = {
            "type": "file",
            "config": {
                "filename": f"{tmp_path}/mces.json",
            },
            # "type": "datahub-rest",
            # "config": {"server": "http://localhost:8080"}
        }
    
        # Case 1 : named variable in table name is not present in include
        source = {
            "type": "delta-lake",
            "config": {"base_path": "invalid/path"},
        }
        config_dict["source"] = source
&gt;       with pytest.raises(Exception) as e_info:
E       Failed: DID NOT RAISE &lt;class 'Exception'&gt;

tests/integration/delta_lake/test_local_delta_lake.py:68: Failed</failure></testcase><testcase classname="tests.integration.feast.test_feast_repository" name="test_feast_repository_ingest" time="0.413" /><testcase classname="tests.integration.git.test_git_clone" name="test_git_clone" time="0.000"><skipped type="pytest.skip" message="DATAHUB_LOOKML_GIT_TEST_SSH_KEY env variable is not configured">/Users/dleifker/Code/quick_fix/datahub/metadata-ingestion/tests/integration/git/test_git_clone.py:12: DATAHUB_LOOKML_GIT_TEST_SSH_KEY env variable is not configured</skipped></testcase><testcase classname="tests.integration.git.test_git_clone" name="test_github_branch" time="0.000" /><testcase classname="tests.integration.ldap.test_ldap_stateful" name="test_ldap_stateful" time="26.547" /><testcase classname="tests.integration.looker.test_looker" name="test_looker_ingest" time="0.090" /><testcase classname="tests.integration.looker.test_looker" name="test_looker_ingest_joins" time="0.083" /><testcase classname="tests.integration.looker.test_looker" name="test_looker_ingest_unaliased_joins" time="0.251" /><testcase classname="tests.integration.looker.test_looker" name="test_looker_ingest_allow_pattern" time="0.082" /><testcase classname="tests.integration.looker.test_looker" name="test_looker_ingest_usage_history" time="0.101" /><testcase classname="tests.integration.looker.test_looker" name="test_looker_ingest_stateful" time="0.160" /><testcase classname="tests.integration.lookml.test_lookml" name="test_lookml_ingest" time="0.188" /><testcase classname="tests.integration.lookml.test_lookml" name="test_lookml_ingest_offline" time="0.201" /><testcase classname="tests.integration.lookml.test_lookml" name="test_lookml_ingest_offline_with_model_deny" time="0.103" /><testcase classname="tests.integration.lookml.test_lookml" name="test_lookml_ingest_offline_platform_instance" time="0.201" /><testcase classname="tests.integration.lookml.test_lookml" name="test_lookml_ingest_api_bigquery" time="0.213" /><testcase classname="tests.integration.lookml.test_lookml" name="test_lookml_ingest_api_hive" time="0.209" /><testcase classname="tests.integration.lookml.test_lookml" name="test_lookml_bad_sql_parser" time="0.190" /><testcase classname="tests.integration.lookml.test_lookml" name="test_lookml_github_info" time="0.198" /><testcase classname="tests.integration.lookml.test_lookml" name="test_reachable_views" time="0.146" /><testcase classname="tests.integration.lookml.test_lookml" name="test_hive_platform_drops_ids" time="0.260" /><testcase classname="tests.integration.lookml.test_lookml" name="test_lookml_ingest_stateful" time="0.360" /><testcase classname="tests.integration.lookml.test_lookml" name="test_lookml_base_folder" time="0.001" /><testcase classname="tests.integration.metabase.test_metabase" name="test_mode_ingest_success" time="0.076" /><testcase classname="tests.integration.metabase.test_metabase" name="test_mode_ingest_failure" time="0.046" /><testcase classname="tests.integration.mode.test_mode" name="test_mode_ingest_success" time="0.065" /><testcase classname="tests.integration.mode.test_mode" name="test_mode_ingest_failure" time="0.041" /><testcase classname="tests.integration.okta.test_okta" name="test_okta_config" time="0.000" /><testcase classname="tests.integration.okta.test_okta" name="test_okta_source_default_configs" time="0.074" /><testcase classname="tests.integration.okta.test_okta" name="test_okta_source_ingestion_disabled" time="0.065" /><testcase classname="tests.integration.okta.test_okta" name="test_okta_source_include_deprovisioned_suspended_users" time="0.084" /><testcase classname="tests.integration.okta.test_okta" name="test_okta_source_custom_user_name_regex" time="0.064" /><testcase classname="tests.integration.powerbi.test_m_parser" name="test_parse_m_query1" time="1.141" /><testcase classname="tests.integration.powerbi.test_m_parser" name="test_parse_m_query2" time="3.824" /><testcase classname="tests.integration.powerbi.test_m_parser" name="test_parse_m_query3" time="1.754" /><testcase classname="tests.integration.powerbi.test_m_parser" name="test_parse_m_query4" time="1.164" /><testcase classname="tests.integration.powerbi.test_m_parser" name="test_parse_m_query5" time="2.880" /><testcase classname="tests.integration.powerbi.test_m_parser" name="test_parse_m_query6" time="1.133" /><testcase classname="tests.integration.powerbi.test_m_parser" name="test_parse_m_query7" time="0.873" /><testcase classname="tests.integration.powerbi.test_m_parser" name="test_parse_m_query8" time="4.889" /><testcase classname="tests.integration.powerbi.test_m_parser" name="test_parse_m_query9" time="5.544" /><testcase classname="tests.integration.powerbi.test_m_parser" name="test_parse_m_query10" time="2.129" /><testcase classname="tests.integration.powerbi.test_m_parser" name="test_parse_m_query11" time="0.850" /><testcase classname="tests.integration.powerbi.test_m_parser" name="test_parse_m_query12" time="2.135" /><testcase classname="tests.integration.powerbi.test_m_parser" name="test_parse_m_query13" time="1.415" /><testcase classname="tests.integration.powerbi.test_m_parser" name="test_snowflake_regular_case" time="1.110" /><testcase classname="tests.integration.powerbi.test_m_parser" name="test_postgres_regular_case" time="0.651" /><testcase classname="tests.integration.powerbi.test_m_parser" name="test_oracle_regular_case" time="0.736" /><testcase classname="tests.integration.powerbi.test_m_parser" name="test_mssql_regular_case" time="0.607" /><testcase classname="tests.integration.powerbi.test_m_parser" name="test_mssql_with_query" time="17.527" /><testcase classname="tests.integration.powerbi.test_m_parser" name="test_snowflake_native_query" time="7.837" /><testcase classname="tests.integration.powerbi.test_m_parser" name="test_native_query_disabled" time="3.945" /><testcase classname="tests.integration.powerbi.test_m_parser" name="test_multi_source_table" time="1.481" /><testcase classname="tests.integration.powerbi.test_m_parser" name="test_table_combine" time="1.497" /><testcase classname="tests.integration.powerbi.test_native_sql_parser" name="test_join" time="0.002" /><testcase classname="tests.integration.powerbi.test_native_sql_parser" name="test_simple_from" time="0.003" /><testcase classname="tests.integration.powerbi.test_powerbi" name="test_powerbi_ingest" time="0.310" /><testcase classname="tests.integration.powerbi.test_powerbi" name="test_powerbi_ingest_urn_lower_case" time="0.116" /><testcase classname="tests.integration.powerbi.test_powerbi" name="test_override_ownership" time="0.110" /><testcase classname="tests.integration.powerbi.test_powerbi" name="test_scan_all_workspaces" time="0.141" /><testcase classname="tests.integration.powerbi.test_powerbi" name="test_extract_reports" time="0.182" /><testcase classname="tests.integration.powerbi.test_powerbi" name="test_extract_lineage" time="12.952" /><testcase classname="tests.integration.powerbi_report_server.test_powerbi_report_server" name="test_powerbi_ingest" time="0.144" /><testcase classname="tests.integration.redshift-usage.test_redshift_usage" name="test_redshift_usage_config" time="0.001" /><testcase classname="tests.integration.redshift-usage.test_redshift_usage" name="test_redshift_usage_source" time="0.055" /><testcase classname="tests.integration.redshift-usage.test_redshift_usage" name="test_redshift_usage_filtering" time="0.045" /><testcase classname="tests.integration.s3.test_s3" name="test_data_lake_s3_ingest[folder_no_partition_glob.json]" time="0.915" /><testcase classname="tests.integration.s3.test_s3" name="test_data_lake_s3_ingest[single_file.json]" time="0.223" /><testcase classname="tests.integration.s3.test_s3" name="test_data_lake_s3_ingest[folder_no_partition_filename.json]" time="0.524" /><testcase classname="tests.integration.s3.test_s3" name="test_data_lake_s3_ingest[multiple_spec_for_files.json]" time="0.682" /><testcase classname="tests.integration.s3.test_s3" name="test_data_lake_s3_ingest[file_without_extension.json]" time="0.143" /><testcase classname="tests.integration.s3.test_s3" name="test_data_lake_s3_ingest[folder_no_partition_exclude.json]" time="0.189" /><testcase classname="tests.integration.s3.test_s3" name="test_data_lake_s3_ingest[folder_no_partition.json]" time="0.538" /><testcase classname="tests.integration.s3.test_s3" name="test_data_lake_s3_ingest[folder_partition_keyval.json]" time="0.259" /><testcase classname="tests.integration.s3.test_s3" name="test_data_lake_s3_ingest[multiple_files.json]" time="0.920" /><testcase classname="tests.integration.s3.test_s3" name="test_data_lake_s3_ingest[folder_partition_basic.json]" time="0.260" /><testcase classname="tests.integration.s3.test_s3" name="test_data_lake_local_ingest[folder_no_partition_glob.json]" time="9.469" /><testcase classname="tests.integration.s3.test_s3" name="test_data_lake_local_ingest[single_file.json]" time="2.080" /><testcase classname="tests.integration.s3.test_s3" name="test_data_lake_local_ingest[folder_no_partition_filename.json]" time="3.911" /><testcase classname="tests.integration.s3.test_s3" name="test_data_lake_local_ingest[multiple_spec_for_files.json]" time="3.408" /><testcase classname="tests.integration.s3.test_s3" name="test_data_lake_local_ingest[file_without_extension.json]" time="0.088" /><testcase classname="tests.integration.s3.test_s3" name="test_data_lake_local_ingest[folder_no_partition_exclude.json]" time="1.582" /><testcase classname="tests.integration.s3.test_s3" name="test_data_lake_local_ingest[folder_no_partition.json]" time="2.947" /><testcase classname="tests.integration.s3.test_s3" name="test_data_lake_local_ingest[folder_partition_keyval.json]" time="1.244" /><testcase classname="tests.integration.s3.test_s3" name="test_data_lake_local_ingest[multiple_files.json]" time="18.277" /><testcase classname="tests.integration.s3.test_s3" name="test_data_lake_local_ingest[folder_partition_basic.json]" time="1.084" /><testcase classname="tests.integration.s3.test_s3" name="test_data_lake_incorrect_config_raises_error" time="0.005" /><testcase classname="tests.integration.salesforce.test_salesforce" name="test_salesforce_ingest" time="0.227" /><testcase classname="tests.integration.snowflake.test_snowflake" name="test_snowflake_basic" time="12.789" /><testcase classname="tests.integration.snowflake.test_snowflake" name="test_snowflake_private_link" time="0.364" /><testcase classname="tests.integration.snowflake.test_snowflake_failures" name="test_snowflake_missing_role_access_causes_pipeline_failure" time="0.043" /><testcase classname="tests.integration.snowflake.test_snowflake_failures" name="test_snowflake_missing_warehouse_access_causes_pipeline_failure" time="0.043" /><testcase classname="tests.integration.snowflake.test_snowflake_failures" name="test_snowflake_no_databases_with_access_causes_pipeline_failure" time="0.043" /><testcase classname="tests.integration.snowflake.test_snowflake_failures" name="test_snowflake_no_tables_causes_pipeline_failure" time="0.052" /><testcase classname="tests.integration.snowflake.test_snowflake_failures" name="test_snowflake_list_columns_error_causes_pipeline_warning" time="0.163" /><testcase classname="tests.integration.snowflake.test_snowflake_failures" name="test_snowflake_list_primary_keys_error_causes_pipeline_warning" time="0.185" /><testcase classname="tests.integration.snowflake.test_snowflake_failures" name="test_snowflake_missing_snowflake_lineage_permission_causes_pipeline_failure" time="0.146" /><testcase classname="tests.integration.snowflake.test_snowflake_failures" name="test_snowflake_missing_snowflake_operations_permission_causes_pipeline_failure" time="0.173" /><testcase classname="tests.integration.snowflake.test_snowflake_failures" name="test_snowflake_unexpected_snowflake_view_lineage_error_causes_pipeline_warning" time="0.181" /><testcase classname="tests.integration.starburst-trino-usage.test_starburst_trino_usage" name="test_trino_usage_config" time="0.000" /><testcase classname="tests.integration.starburst-trino-usage.test_starburst_trino_usage" name="test_trino_usage_source" time="0.046" /><testcase classname="tests.integration.tableau.test_tableau_ingest" name="test_tableau_ingest" time="2.557" /><testcase classname="tests.integration.tableau.test_tableau_ingest" name="test_tableau_ingest_with_platform_instance" time="2.827" /><testcase classname="tests.integration.tableau.test_tableau_ingest" name="test_lineage_overrides" time="0.000" /><testcase classname="tests.integration.tableau.test_tableau_ingest" name="test_tableau_stateful" time="3.214" /><testcase classname="tests.integration.tableau.test_tableau_ingest" name="test_tableau_no_verify" time="0.474" /><testcase classname="tests.integration.unity.test_unity_catalog_ingest" name="test_ingestion" time="0.266" /></testsuite></testsuites>