<?xml version="1.0" encoding="utf-8"?><testsuites><testsuite errors="0" failures="2" hostname="GS-4623" name="pytest" skipped="7" tests="291" time="88.900" timestamp="2022-02-25T16:27:30.643818"><testcase classname="tests.unit.test_airflow" name="test_airflow_provider_info" time="0.018" /><testcase classname="tests.unit.test_airflow" name="test_dags_load_with_no_errors" time="0.370" /><testcase classname="tests.unit.test_airflow" name="test_datahub_rest_hook" time="0.025" /><testcase classname="tests.unit.test_airflow" name="test_datahub_rest_hook_with_timeout" time="0.012" /><testcase classname="tests.unit.test_airflow" name="test_datahub_kafka_hook" time="0.010" /><testcase classname="tests.unit.test_airflow" name="test_datahub_lineage_operator" time="0.002" /><testcase classname="tests.unit.test_airflow" name="test_hook_airflow_ui[DatahubRestHook]" time="0.001" /><testcase classname="tests.unit.test_airflow" name="test_hook_airflow_ui[DatahubKafkaHook]" time="0.001" /><testcase classname="tests.unit.test_airflow" name="test_lineage_backend[airflow-1-10-lineage-syntax]" time="0.052" /><testcase classname="tests.unit.test_airflow" name="test_lineage_backend[airflow-2-lineage-syntax]" time="0.018" /><testcase classname="tests.unit.test_allow_deny" name="test_allow_all" time="0.001" /><testcase classname="tests.unit.test_allow_deny" name="test_deny_all" time="0.001" /><testcase classname="tests.unit.test_allow_deny" name="test_single_table" time="0.001" /><testcase classname="tests.unit.test_allow_deny" name="test_default_deny" time="0.001" /><testcase classname="tests.unit.test_allow_deny" name="test_fully_speced" time="0.002" /><testcase classname="tests.unit.test_allow_deny" name="test_is_allowed" time="0.001" /><testcase classname="tests.unit.test_allow_deny" name="test_case_sensitivity" time="0.001" /><testcase classname="tests.unit.test_apis" name="test_sources_not_abstract" time="0.001" /><testcase classname="tests.unit.test_apis" name="test_sinks_not_abstract" time="0.001" /><testcase classname="tests.unit.test_check" name="test_cli_help" time="0.019" /><testcase classname="tests.unit.test_check" name="test_cli_version" time="0.004" /><testcase classname="tests.unit.test_check" name="test_check_local_docker" time="0.004" /><testcase classname="tests.unit.test_cli_utils" name="test_first_non_null" time="0.001" /><testcase classname="tests.unit.test_config_clean" name="test_url_without_slash_suffix" time="0.001" /><testcase classname="tests.unit.test_config_clean" name="test_url_with_suffix" time="0.001" /><testcase classname="tests.unit.test_config_clean" name="test_url_with_multiple_slashes" time="0.001" /><testcase classname="tests.unit.test_dataset_urn.TestDatasetUrn" name="test_invalid_urn" time="0.001" /><testcase classname="tests.unit.test_dataset_urn.TestDatasetUrn" name="test_parse_urn" time="0.001" /><testcase classname="tests.unit.test_dbt_source" name="test_dbt_source_patching_no_new" time="0.003" /><testcase classname="tests.unit.test_dbt_source" name="test_dbt_source_patching_no_conflict" time="0.002" /><testcase classname="tests.unit.test_dbt_source" name="test_dbt_source_patching_with_conflict" time="0.002" /><testcase classname="tests.unit.test_dbt_source" name="test_dbt_source_patching_with_conflict_null_source_type_in_existing_owner" time="0.003" /><testcase classname="tests.unit.test_dbt_source" name="test_dbt_source_patching_tags" time="0.003" /><testcase classname="tests.unit.test_dbt_source" name="test_dbt_source_patching_terms" time="0.002" /><testcase classname="tests.unit.test_elasticsearch_source" name="test_elastic_search_schema_conversion[.ds-datahub_usage_event-000001]" time="0.002" /><testcase classname="tests.unit.test_elasticsearch_source" name="test_elastic_search_schema_conversion[chartindex_v2]" time="0.001" /><testcase classname="tests.unit.test_elasticsearch_source" name="test_elastic_search_schema_conversion[corpgroupindex_v2]" time="0.002" /><testcase classname="tests.unit.test_elasticsearch_source" name="test_elastic_search_schema_conversion[corpuserindex_v2]" time="0.002" /><testcase classname="tests.unit.test_elasticsearch_source" name="test_elastic_search_schema_conversion[dashboardindex_v2]" time="0.001" /><testcase classname="tests.unit.test_elasticsearch_source" name="test_elastic_search_schema_conversion[dataflowindex_v2]" time="0.002" /><testcase classname="tests.unit.test_elasticsearch_source" name="test_elastic_search_schema_conversion[datahubpolicyindex_v2]" time="0.001" /><testcase classname="tests.unit.test_elasticsearch_source" name="test_elastic_search_schema_conversion[datahubretentionindex_v2]" time="0.002" /><testcase classname="tests.unit.test_elasticsearch_source" name="test_elastic_search_schema_conversion[datajobindex_v2]" time="0.002" /><testcase classname="tests.unit.test_elasticsearch_source" name="test_elastic_search_schema_conversion[dataplatformindex_v2]" time="0.001" /><testcase classname="tests.unit.test_elasticsearch_source" name="test_elastic_search_schema_conversion[dataprocessindex_v2]" time="0.002" /><testcase classname="tests.unit.test_elasticsearch_source" name="test_elastic_search_schema_conversion[dataset_datasetprofileaspect_v1]" time="0.001" /><testcase classname="tests.unit.test_elasticsearch_source" name="test_elastic_search_schema_conversion[dataset_datasetusagestatisticsaspect_v1]" time="0.001" /><testcase classname="tests.unit.test_elasticsearch_source" name="test_elastic_search_schema_conversion[datasetindex_v2]" time="0.003" /><testcase classname="tests.unit.test_elasticsearch_source" name="test_elastic_search_schema_conversion[glossarynodeindex_v2]" time="0.001" /><testcase classname="tests.unit.test_elasticsearch_source" name="test_elastic_search_schema_conversion[glossarytermindex_v2]" time="0.001" /><testcase classname="tests.unit.test_elasticsearch_source" name="test_elastic_search_schema_conversion[ilm-history-2-000001]" time="0.001" /><testcase classname="tests.unit.test_elasticsearch_source" name="test_elastic_search_schema_conversion[mlfeatureindex_v2]" time="0.001" /><testcase classname="tests.unit.test_elasticsearch_source" name="test_elastic_search_schema_conversion[mlfeaturetableindex_v2]" time="0.001" /><testcase classname="tests.unit.test_elasticsearch_source" name="test_elastic_search_schema_conversion[mlmodeldeploymentindex_v2]" time="0.001" /><testcase classname="tests.unit.test_elasticsearch_source" name="test_elastic_search_schema_conversion[mlmodelgroupindex_v2]" time="0.001" /><testcase classname="tests.unit.test_elasticsearch_source" name="test_elastic_search_schema_conversion[mlmodelindex_v2]" time="0.001" /><testcase classname="tests.unit.test_elasticsearch_source" name="test_elastic_search_schema_conversion[mlprimarykeyindex_v2]" time="0.001" /><testcase classname="tests.unit.test_elasticsearch_source" name="test_elastic_search_schema_conversion[schemafieldindex_v2]" time="0.001" /><testcase classname="tests.unit.test_elasticsearch_source" name="test_elastic_search_schema_conversion[system_metadata_service_v1]" time="0.001" /><testcase classname="tests.unit.test_elasticsearch_source" name="test_elastic_search_schema_conversion[tagindex_v2]" time="0.001" /><testcase classname="tests.unit.test_elasticsearch_source" name="test_host_port_parsing" time="0.002" /><testcase classname="tests.unit.test_file_lineage_source" name="test_basic_lineage_entity_root_node_urn" time="0.005" /><testcase classname="tests.unit.test_file_lineage_source" name="test_basic_lineage_upstream_urns" time="0.005" /><testcase classname="tests.unit.test_file_lineage_source" name="test_unsupported_entity_type" time="0.008" /><testcase classname="tests.unit.test_file_lineage_source" name="test_unsupported_upstream_entity_type" time="0.004" /><testcase classname="tests.unit.test_file_lineage_source" name="test_unsupported_entity_env" time="0.012" /><testcase classname="tests.unit.test_glue_source" name="test_column_type[char]" time="0.001" /><testcase classname="tests.unit.test_glue_source" name="test_column_type[array]" time="0.002" /><testcase classname="tests.unit.test_glue_source" name="test_column_type[map]" time="0.001" /><testcase classname="tests.unit.test_glue_source" name="test_column_type[struct]" time="0.001" /><testcase classname="tests.unit.test_glue_source" name="test_glue_ingest" time="5.226" /><testcase classname="tests.unit.test_glue_source" name="test_underlying_platform_takes_precendence" time="3.607" /><testcase classname="tests.unit.test_glue_source" name="test_underlying_platform_cannot_be_other_than_athena" time="4.119" /><testcase classname="tests.unit.test_glue_source" name="test_without_underlying_platform" time="4.108" /><testcase classname="tests.unit.test_kafka_emitter.KafkaEmitterTest" name="test_kafka_emitter_config" time="0.001" /><testcase classname="tests.unit.test_kafka_emitter.KafkaEmitterTest" name="test_kafka_emitter_config_old_and_new" time="0.001" /><testcase classname="tests.unit.test_kafka_emitter.KafkaEmitterTest" name="test_kafka_emitter_config_topic_upgrade" time="0.001" /><testcase classname="tests.unit.test_kafka_sink.KafkaSinkTest" name="test_kafka_callback_class" time="0.011" /><testcase classname="tests.unit.test_kafka_sink.KafkaSinkTest" name="test_kafka_sink_close" time="0.020" /><testcase classname="tests.unit.test_kafka_sink.KafkaSinkTest" name="test_kafka_sink_config" time="0.021" /><testcase classname="tests.unit.test_kafka_sink.KafkaSinkTest" name="test_kafka_sink_mcp" time="0.015" /><testcase classname="tests.unit.test_kafka_sink.KafkaSinkTest" name="test_kafka_sink_write" time="0.022" /><testcase classname="tests.unit.test_kafka_source.KafkaSourceTest" name="test_close" time="20.742" /><testcase classname="tests.unit.test_kafka_source.KafkaSourceTest" name="test_get_schema_str_replace_confluent_ref_avro" time="0.420" /><testcase classname="tests.unit.test_kafka_source.KafkaSourceTest" name="test_kafka_source_configuration" time="0.528" /><testcase classname="tests.unit.test_kafka_source.KafkaSourceTest" name="test_kafka_source_stateful_ingestion_requires_platform_instance" time="0.005" /><testcase classname="tests.unit.test_kafka_source.KafkaSourceTest" name="test_kafka_source_workunits_schema_registry_subject_name_strategies" time="0.037" /><testcase classname="tests.unit.test_kafka_source.KafkaSourceTest" name="test_kafka_source_workunits_topic_pattern" time="0.274" /><testcase classname="tests.unit.test_kafka_source.KafkaSourceTest" name="test_kafka_source_workunits_wildcard_topic" time="0.085" /><testcase classname="tests.unit.test_kafka_source.KafkaSourceTest" name="test_kafka_source_workunits_with_platform_instance" time="0.035" /><testcase classname="tests.unit.test_mapping" name="test_operation_processor_not_matching" time="0.001" /><testcase classname="tests.unit.test_mapping" name="test_operation_processor_matching" time="0.002" /><testcase classname="tests.unit.test_mapping" name="test_operation_processor_no_email_strip_source_type_not_null" time="0.001" /><testcase classname="tests.unit.test_mariadb_source" name="test_platform_correctly_set_mariadb" time="0.007" /><testcase classname="tests.unit.test_mariadb_source" name="test_platform_correctly_set_mysql" time="0.002" /><testcase classname="tests.unit.test_mce_builder" name="test_can_add_aspect" time="0.004" /><testcase classname="tests.unit.test_mce_helpers" name="test_basic_diff_same" time="0.005" /><testcase classname="tests.unit.test_mce_helpers" name="test_basic_diff_only_owner_change" time="0.033" /><testcase classname="tests.unit.test_mce_helpers" name="test_basic_diff_owner_change" time="0.025" /><testcase classname="tests.unit.test_mcp_builder" name="test_guid_generator" time="0.001" /><testcase classname="tests.unit.test_mcp_builder" name="test_guid_generator_with_empty_instance" time="0.001" /><testcase classname="tests.unit.test_mcp_builder" name="test_guid_generators" time="0.001" /><testcase classname="tests.unit.test_nifi_source" name="test_nifi_s3_provenance_event" time="0.003" /><testcase classname="tests.unit.test_openapi.TestGetEndpoints" name="test_get_endpoints_openapi20" time="0.015" /><testcase classname="tests.unit.test_openapi.TestGetEndpoints" name="test_get_endpoints_openapi30" time="0.022" /><testcase classname="tests.unit.test_openapi.TestExplodeDict" name="test_d1" time="0.001" /><testcase classname="tests.unit.test_openapi.TestGuessing" name="test_mul_cids" time="0.001" /><testcase classname="tests.unit.test_openapi.TestGuessing" name="test_mul_ids" time="0.001" /><testcase classname="tests.unit.test_openapi.TestGuessing" name="test_name_id" time="0.001" /><testcase classname="tests.unit.test_openapi.TestGuessing" name="test_name_id2" time="0.001" /><testcase classname="tests.unit.test_openapi.TestGuessing" name="test_no_good_guesses" time="0.001" /><testcase classname="tests.unit.test_openapi.TestGuessing" name="test_no_k_f" time="0.001" /><testcase classname="tests.unit.test_openapi.TestGuessing" name="test_one_cid" time="0.001" /><testcase classname="tests.unit.test_openapi.TestGuessing" name="test_one_id" time="0.001" /><testcase classname="tests.unit.test_openapi.TestGuessing" name="test_only_id" time="0.001" /><testcase classname="tests.unit.test_oracle_source" name="test_oracle_config" time="0.005" /><testcase classname="tests.unit.test_packaging" name="test_datahub_version" time="0.001" /><testcase classname="tests.unit.test_pipeline.TestPipeline" name="test_configure" time="0.099" /><testcase classname="tests.unit.test_pipeline.TestPipeline" name="test_run_including_fake_transformation" time="0.075" /><testcase classname="tests.unit.test_pipeline.TestPipeline" name="test_run_including_registered_transformation" time="0.058" /><testcase classname="tests.unit.test_pipeline.TestPipeline" name="test_pipeline_process_commits[ALWAYS-no-warnings-no-errors]" time="0.057" /><testcase classname="tests.unit.test_pipeline.TestPipeline" name="test_pipeline_process_commits[ON_NO_ERRORS-no-warnings-no-errors]" time="0.059" /><testcase classname="tests.unit.test_pipeline.TestPipeline" name="test_pipeline_process_commits[ON_NO_ERRORS_AND_NO_WARNINGS-no-warnings-no-errors]" time="0.055" /><testcase classname="tests.unit.test_pipeline.TestPipeline" name="test_pipeline_process_commits[ALWAYS-with-warnings]" time="0.058" /><testcase classname="tests.unit.test_pipeline.TestPipeline" name="test_pipeline_process_commits[ON_NO_ERRORS-with-warnings]" time="0.057" /><testcase classname="tests.unit.test_pipeline.TestPipeline" name="test_pipeline_process_commits[ON_NO_ERRORS_AND_NO_WARNINGS-with-warnings]" time="0.058" /><testcase classname="tests.unit.test_pipeline.TestPipeline" name="test_pipeline_process_commits[ALWAYS-with-errors]" time="0.059" /><testcase classname="tests.unit.test_pipeline.TestPipeline" name="test_pipeline_process_commits[ON_NO_ERRORS-with-errors]" time="0.056" /><testcase classname="tests.unit.test_pipeline.TestPipeline" name="test_pipeline_process_commits[ON_NO_ERRORS_AND_NO_WARNINGS-with-errors]" time="0.056" /><testcase classname="tests.unit.test_plugin_system" name="test_registry_nonempty[registry0]" time="0.001" /><testcase classname="tests.unit.test_plugin_system" name="test_registry_nonempty[registry1]" time="0.001" /><testcase classname="tests.unit.test_plugin_system" name="test_registry_nonempty[registry2]" time="0.001" /><testcase classname="tests.unit.test_plugin_system" name="test_registry_nonempty[registry3]" time="0.001" /><testcase classname="tests.unit.test_plugin_system" name="test_registry" time="0.003" /><testcase classname="tests.unit.test_postgres_source" name="test_database_alias_takes_precendence" time="0.001" /><testcase classname="tests.unit.test_postgres_source" name="test_database_in_identifier" time="0.001" /><testcase classname="tests.unit.test_redash_source" name="test_get_dashboard_snapshot" time="0.002" /><testcase classname="tests.unit.test_redash_source" name="test_get_known_viz_chart_snapshot" time="0.002" /><testcase classname="tests.unit.test_redash_source" name="test_get_unknown_viz_chart_snapshot" time="0.002" /><testcase classname="tests.unit.test_redash_source" name="test_get_full_qualified_name" time="0.001" /><testcase classname="tests.unit.test_redash_source" name="test_get_chart_snapshot_parse_table_names_from_sql" time="0.022" /><testcase classname="tests.unit.test_rest_emitter" name="test_datahub_rest_emitter_construction" time="0.001" /><testcase classname="tests.unit.test_rest_emitter" name="test_datahub_rest_emitter_timeout_construction" time="0.001" /><testcase classname="tests.unit.test_rest_emitter" name="test_datahub_rest_emitter_retry_construction" time="0.001" /><testcase classname="tests.unit.test_rest_emitter" name="test_datahub_rest_emitter_extra_params" time="0.001" /><testcase classname="tests.unit.test_rest_sink" name="test_datahub_rest_emitter[record0-/entities?action=ingest-snapshot0]" time="0.004" /><testcase classname="tests.unit.test_rest_sink" name="test_datahub_rest_emitter[record1-/entities?action=ingest-snapshot1]" time="0.003" /><testcase classname="tests.unit.test_rest_sink" name="test_datahub_rest_emitter[record2-/entities?action=ingest-snapshot2]" time="0.004" /><testcase classname="tests.unit.test_rest_sink" name="test_datahub_rest_emitter[record3-/entities?action=ingest-snapshot3]" time="0.004" /><testcase classname="tests.unit.test_rest_sink" name="test_datahub_rest_emitter[record4-/usageStats?action=batchIngest-snapshot4]" time="0.003" /><testcase classname="tests.unit.test_rest_sink" name="test_datahub_rest_emitter[record5-/aspects?action=ingestProposal-snapshot5]" time="0.005" /><testcase classname="tests.unit.test_schema_util" name="test_avro_schema_to_mce_fields_events_with_nullable_fields[optional_field_via_union_type]" time="0.001" /><testcase classname="tests.unit.test_schema_util" name="test_avro_schema_to_mce_fields_events_with_nullable_fields[optional_field_via_union_null_not_first]" time="0.001" /><testcase classname="tests.unit.test_schema_util" name="test_avro_schema_to_mce_fields_events_with_nullable_fields[optional_field_via_primitive]" time="0.001" /><testcase classname="tests.unit.test_schema_util" name="test_avro_schema_to_mce_fields_sample_events_with_different_field_types" time="0.001" /><testcase classname="tests.unit.test_schema_util" name="test_avro_schema_to_mce_fields_record_with_two_fields" time="0.001" /><testcase classname="tests.unit.test_schema_util" name="test_avro_schema_to_mce_fields_toplevel_isnt_a_record" time="0.001" /><testcase classname="tests.unit.test_schema_util" name="test_avro_schema_namespacing" time="0.001" /><testcase classname="tests.unit.test_schema_util" name="test_avro_schema_to_mce_fields_with_default" time="0.001" /><testcase classname="tests.unit.test_schema_util" name="test_avro_schema_with_recursion" time="0.001" /><testcase classname="tests.unit.test_schema_util" name="test_avro_sample_payment_schema_to_mce_fields_with_nesting" time="0.001" /><testcase classname="tests.unit.test_schema_util" name="test_avro_schema_to_mce_fields_with_nesting_across_records" time="0.001" /><testcase classname="tests.unit.test_schema_util" name="test_simple_record_with_primitive_types" time="0.001" /><testcase classname="tests.unit.test_schema_util" name="test_simple_nested_record_with_a_string_field_for_key_schema" time="0.001" /><testcase classname="tests.unit.test_schema_util" name="test_union_with_nested_record_of_union" time="0.001" /><testcase classname="tests.unit.test_schema_util" name="test_nested_arrays" time="0.001" /><testcase classname="tests.unit.test_schema_util" name="test_map_of_union_of_int_and_record_of_union" time="0.001" /><testcase classname="tests.unit.test_schema_util" name="test_recursive_avro" time="0.001" /><testcase classname="tests.unit.test_schema_util" name="test_needs_disambiguation_nested_union_of_records_with_same_field_name" time="0.001" /><testcase classname="tests.unit.test_schema_util" name="test_mce_avro_parses_okay" time="0.085" /><testcase classname="tests.unit.test_schema_util" name="test_key_schema_handling" time="0.001" /><testcase classname="tests.unit.test_schema_util" name="test_logical_types" time="0.001" /><testcase classname="tests.unit.test_schema_util" name="test_ignore_exceptions" time="0.039" /><testcase classname="tests.unit.test_sql_common" name="test_generate_foreign_key" time="0.003" /><testcase classname="tests.unit.test_sql_common" name="test_use_source_schema_for_foreign_key_if_not_specified" time="0.003" /><testcase classname="tests.unit.test_transform_dataset" name="test_simple_dataset_ownership_transformation" time="0.009" /><testcase classname="tests.unit.test_transform_dataset" name="test_simple_dataset_ownership_with_type_transformation" time="0.004" /><testcase classname="tests.unit.test_transform_dataset" name="test_simple_dataset_ownership_with_invalid_type_transformation" time="0.001" /><testcase classname="tests.unit.test_transform_dataset" name="test_simple_remove_dataset_ownership" time="0.003" /><testcase classname="tests.unit.test_transform_dataset" name="test_mark_status_dataset" time="0.004" /><testcase classname="tests.unit.test_transform_dataset" name="test_add_dataset_browse_paths" time="0.006" /><testcase classname="tests.unit.test_transform_dataset" name="test_simple_dataset_tags_transformation" time="0.003" /><testcase classname="tests.unit.test_transform_dataset" name="test_pattern_dataset_tags_transformation" time="0.003" /><testcase classname="tests.unit.test_transform_dataset" name="test_import_resolver" time="0.001" /><testcase classname="tests.unit.test_transform_dataset" name="test_pattern_dataset_ownership_transformation" time="0.004" /><testcase classname="tests.unit.test_transform_dataset" name="test_pattern_dataset_ownership_with_type_transformation" time="0.003" /><testcase classname="tests.unit.test_transform_dataset" name="test_pattern_dataset_ownership_with_invalid_type_transformation" time="0.001" /><testcase classname="tests.unit.test_transform_dataset" name="test_ownership_patching_intersect" time="0.001" /><testcase classname="tests.unit.test_transform_dataset" name="test_ownership_patching_with_nones" time="0.001" /><testcase classname="tests.unit.test_transform_dataset" name="test_ownership_patching_with_empty_mce_none_server" time="0.001" /><testcase classname="tests.unit.test_transform_dataset" name="test_ownership_patching_with_empty_mce_nonempty_server" time="0.001" /><testcase classname="tests.unit.test_transform_dataset" name="test_ownership_patching_with_different_types_1" time="0.001" /><testcase classname="tests.unit.test_transform_dataset" name="test_ownership_patching_with_different_types_2" time="0.001" /><testcase classname="tests.unit.test_transform_dataset" name="test_add_dataset_properties" time="0.002" /><testcase classname="tests.unit.test_transform_dataset" name="test_simple_add_dataset_properties" time="0.002" /><testcase classname="tests.unit.test_transform_dataset" name="test_simple_dataset_terms_transformation" time="0.002" /><testcase classname="tests.unit.test_transform_dataset" name="test_pattern_dataset_terms_transformation" time="0.002" /><testcase classname="tests.unit.test_urn.TestUrn" name="test_invalid_urn" time="0.001" /><testcase classname="tests.unit.test_urn.TestUrn" name="test_parse_urn" time="0.001" /><testcase classname="tests.unit.test_usage_common" name="test_add_one_query_without_columns" time="0.001" /><testcase classname="tests.unit.test_usage_common" name="test_add_one_query_with_ignored_user" time="0.001" /><testcase classname="tests.unit.test_usage_common" name="test_multiple_query_with_ignored_user" time="0.001" /><testcase classname="tests.unit.test_usage_common" name="test_multiple_query_without_columns" time="0.001" /><testcase classname="tests.unit.test_usage_common" name="test_make_usage_workunit" time="0.001" /><testcase classname="tests.unit.test_usage_common" name="test_query_trimming" time="0.001" /><testcase classname="tests.unit.test_usage_common" name="test_top_n_queries_validator_fails" time="0.001" /><testcase classname="tests.unit.test_utilities" name="test_delayed_iter" time="0.001" /><testcase classname="tests.unit.test_utilities" name="test_sqllineage_sql_parser_get_columns_from_simple_query" time="0.004" /><testcase classname="tests.unit.test_utilities" name="test_metadatasql_sql_parser_tables_from_redash_query" time="0.008" /><testcase classname="tests.unit.test_utilities" name="test_sqllineage_sql_parser_tables_from_redash_query" time="0.019" /><testcase classname="tests.unit.config.test_config_loader" name="test_load[tests/unit/config/basic.yml-golden_config0-env0-None]" time="0.003"><failure message="AttributeError: 'list' object has no attribute 'strip'">pytestconfig = &lt;_pytest.config.Config object at 0x7f76831d5eb8&gt;
filename = 'tests/unit/config/basic.yml'
golden_config = {'foo': 'bar', 'nested': {'array': ['one', 'two'], 'hi': 'hello'}}
env = {}, error_type = None

    @pytest.mark.parametrize(
        "filename,golden_config,env,error_type",
        [
            (
                # Basic YAML load
                "tests/unit/config/basic.yml",
                {"foo": "bar", "nested": {"array": ["one", "two"], "hi": "hello"}},
                {},
                None,
            ),
            (
                # Basic TOML load
                "tests/unit/config/basic.toml",
                {"foo": "bar", "nested": {"array": ["one", "two"], "hi": "hello"}},
                {},
                None,
            ),
            # Variable expansion load
            (
                "tests/unit/config/simple_variable_expansion.yml",
                {
                    "normal": "sa",
                    "path": "stuff2",
                    "server": "http://localhost:8080",
                    "working_dir": "stuff1",
                },
                {
                    "VAR1": "stuff1",
                    "VAR2": "stuff2",
                },
                None,
            ),
            (
                # Variable expansion error
                "tests/unit/config/bad_variable_expansion.yml",
                None,
                {},
                expandvars.ParameterNullOrNotSet,
            ),
            (
                # Missing file
                "tests/unit/config/this_file_does_not_exist.yml",
                None,
                {},
                ConfigurationError,
            ),
            (
                # Unknown extension
                "tests/unit/config/bad_extension.whatevenisthis",
                None,
                {},
                ConfigurationError,
            ),
        ],
    )
    def test_load(pytestconfig, filename, golden_config, env, error_type):
        filepath = pytestconfig.rootpath / filename
    
        with mock.patch.dict(os.environ, env):
            if error_type:
                with pytest.raises(error_type):
                    _ = load_config_file(filepath)
            else:
&gt;               loaded_config = load_config_file(filepath)

tests/unit/config/test_config_loader.py:74: 
_ _ _ _ _ _ _ _ _ _ _ _ _ _ _ _ _ _ _ _ _ _ _ _ _ _ _ _ _ _ _ _ _ _ _ _ _ _ _ _ 
src/datahub/configuration/config_loader.py:50: in load_config_file
    resolve_env_variables(config)
src/datahub/configuration/config_loader.py:15: in resolve_env_variables
    resolve_env_variables(v)
_ _ _ _ _ _ _ _ _ _ _ _ _ _ _ _ _ _ _ _ _ _ _ _ _ _ _ _ _ _ _ _ _ _ _ _ _ _ _ _ 

config = {'array': ['one', 'two'], 'hi': 'hello'}

    def resolve_env_variables(config: dict) -&gt; None:
        for k, v in config.items():
            if isinstance(v, dict):
                resolve_env_variables(v)
            else:
&gt;               v = v.strip()
E               AttributeError: 'list' object has no attribute 'strip'

src/datahub/configuration/config_loader.py:17: AttributeError</failure></testcase><testcase classname="tests.unit.config.test_config_loader" name="test_load[tests/unit/config/basic.toml-golden_config1-env1-None]" time="0.002"><failure message="AttributeError: 'list' object has no attribute 'strip'">pytestconfig = &lt;_pytest.config.Config object at 0x7f76831d5eb8&gt;
filename = 'tests/unit/config/basic.toml'
golden_config = {'foo': 'bar', 'nested': {'array': ['one', 'two'], 'hi': 'hello'}}
env = {}, error_type = None

    @pytest.mark.parametrize(
        "filename,golden_config,env,error_type",
        [
            (
                # Basic YAML load
                "tests/unit/config/basic.yml",
                {"foo": "bar", "nested": {"array": ["one", "two"], "hi": "hello"}},
                {},
                None,
            ),
            (
                # Basic TOML load
                "tests/unit/config/basic.toml",
                {"foo": "bar", "nested": {"array": ["one", "two"], "hi": "hello"}},
                {},
                None,
            ),
            # Variable expansion load
            (
                "tests/unit/config/simple_variable_expansion.yml",
                {
                    "normal": "sa",
                    "path": "stuff2",
                    "server": "http://localhost:8080",
                    "working_dir": "stuff1",
                },
                {
                    "VAR1": "stuff1",
                    "VAR2": "stuff2",
                },
                None,
            ),
            (
                # Variable expansion error
                "tests/unit/config/bad_variable_expansion.yml",
                None,
                {},
                expandvars.ParameterNullOrNotSet,
            ),
            (
                # Missing file
                "tests/unit/config/this_file_does_not_exist.yml",
                None,
                {},
                ConfigurationError,
            ),
            (
                # Unknown extension
                "tests/unit/config/bad_extension.whatevenisthis",
                None,
                {},
                ConfigurationError,
            ),
        ],
    )
    def test_load(pytestconfig, filename, golden_config, env, error_type):
        filepath = pytestconfig.rootpath / filename
    
        with mock.patch.dict(os.environ, env):
            if error_type:
                with pytest.raises(error_type):
                    _ = load_config_file(filepath)
            else:
&gt;               loaded_config = load_config_file(filepath)

tests/unit/config/test_config_loader.py:74: 
_ _ _ _ _ _ _ _ _ _ _ _ _ _ _ _ _ _ _ _ _ _ _ _ _ _ _ _ _ _ _ _ _ _ _ _ _ _ _ _ 
src/datahub/configuration/config_loader.py:50: in load_config_file
    resolve_env_variables(config)
src/datahub/configuration/config_loader.py:15: in resolve_env_variables
    resolve_env_variables(v)
_ _ _ _ _ _ _ _ _ _ _ _ _ _ _ _ _ _ _ _ _ _ _ _ _ _ _ _ _ _ _ _ _ _ _ _ _ _ _ _ 

config = {'array': ['one', 'two'], 'hi': 'hello'}

    def resolve_env_variables(config: dict) -&gt; None:
        for k, v in config.items():
            if isinstance(v, dict):
                resolve_env_variables(v)
            else:
&gt;               v = v.strip()
E               AttributeError: 'list' object has no attribute 'strip'

src/datahub/configuration/config_loader.py:17: AttributeError</failure></testcase><testcase classname="tests.unit.config.test_config_loader" name="test_load[tests/unit/config/simple_variable_expansion.yml-golden_config2-env2-None]" time="0.003" /><testcase classname="tests.unit.config.test_config_loader" name="test_load[tests/unit/config/bad_variable_expansion.yml-None-env3-ParameterNullOrNotSet]" time="0.002" /><testcase classname="tests.unit.config.test_config_loader" name="test_load[tests/unit/config/this_file_does_not_exist.yml-None-env4-ConfigurationError]" time="0.002" /><testcase classname="tests.unit.config.test_config_loader" name="test_load[tests/unit/config/bad_extension.whatevenisthis-None-env5-ConfigurationError]" time="0.002" /><testcase classname="tests.unit.data_lake.test_schema_inference" name="test_infer_schema_csv" time="0.113" /><testcase classname="tests.unit.data_lake.test_schema_inference" name="test_infer_schema_tsv" time="0.040" /><testcase classname="tests.unit.data_lake.test_schema_inference" name="test_infer_schema_json" time="0.001" /><testcase classname="tests.unit.data_lake.test_schema_inference" name="test_infer_schema_parquet" time="0.055" /><testcase classname="tests.unit.data_lake.test_schema_inference" name="test_infer_schema_avro" time="0.013" /><testcase classname="tests.unit.sagemaker.test_sagemaker_source" name="test_sagemaker_ingest" time="2.693" /><testcase classname="tests.unit.serde.test_serde" name="test_serde_to_json[tests/unit/serde/test_serde_large.json]" time="0.172" /><testcase classname="tests.unit.serde.test_serde" name="test_serde_to_json[tests/unit/serde/test_serde_chart_snapshot.json]" time="0.062" /><testcase classname="tests.unit.serde.test_serde" name="test_serde_to_json[tests/unit/serde/test_serde_usage.json]" time="0.066" /><testcase classname="tests.unit.serde.test_serde" name="test_serde_to_json[tests/unit/serde/test_serde_profile.json]" time="0.068" /><testcase classname="tests.unit.serde.test_serde" name="test_serde_to_avro[tests/unit/serde/test_serde_large.json]" time="0.122" /><testcase classname="tests.unit.serde.test_serde" name="test_serde_to_avro[tests/unit/serde/test_serde_chart_snapshot.json]" time="0.066" /><testcase classname="tests.unit.serde.test_serde" name="test_check_mce_schema[tests/unit/serde/test_serde_large.json]" time="0.064" /><testcase classname="tests.unit.serde.test_serde" name="test_check_mce_schema[tests/unit/serde/test_serde_backwards_compat.json]" time="0.060" /><testcase classname="tests.unit.serde.test_serde" name="test_check_mce_schema[tests/unit/serde/test_serde_usage.json]" time="0.060" /><testcase classname="tests.unit.serde.test_serde" name="test_check_mce_schema[tests/unit/serde/test_serde_profile.json]" time="0.060" /><testcase classname="tests.unit.serde.test_serde" name="test_check_mce_schema[examples/mce_files/single_mce.json]" time="0.098" /><testcase classname="tests.unit.serde.test_serde" name="test_check_mce_schema[examples/mce_files/mce_list.json]" time="0.069" /><testcase classname="tests.unit.serde.test_serde" name="test_check_mce_schema[examples/mce_files/bootstrap_mce.json]" time="0.128" /><testcase classname="tests.unit.serde.test_serde" name="test_check_mce_schema_failure[tests/unit/serde/test_serde_extra_field.json]" time="0.001" /><testcase classname="tests.unit.serde.test_serde" name="test_check_mce_schema_failure[tests/unit/serde/test_serde_missing_field.json]" time="0.001" /><testcase classname="tests.unit.serde.test_serde" name="test_field_discriminator" time="0.001" /><testcase classname="tests.unit.serde.test_serde" name="test_type_error" time="0.004" /><testcase classname="tests.unit.stateful_ingestion.test_configs" name="test_state_provider_configs[checkpointing_valid_full_config]" time="0.001" /><testcase classname="tests.unit.stateful_ingestion.test_configs" name="test_state_provider_configs[checkpointing_valid_simple_config]" time="0.001" /><testcase classname="tests.unit.stateful_ingestion.test_configs" name="test_state_provider_configs[checkpointing_default]" time="0.001" /><testcase classname="tests.unit.stateful_ingestion.test_configs" name="test_state_provider_configs[checkpointing_bad_config]" time="0.001" /><testcase classname="tests.unit.stateful_ingestion.test_configs" name="test_state_provider_configs[reporting_valid_full_config]" time="0.001" /><testcase classname="tests.unit.stateful_ingestion.test_configs" name="test_state_provider_configs[reporting_valid_simple_config]" time="0.001" /><testcase classname="tests.unit.stateful_ingestion.test_configs" name="test_state_provider_configs[reporting_default]" time="0.001" /><testcase classname="tests.unit.stateful_ingestion.test_configs" name="test_state_provider_configs[reporting_bad_config]" time="0.002" /><testcase classname="tests.unit.stateful_ingestion.test_configs" name="test_state_provider_configs[stateful_ingestion_full_custom]" time="0.001" /><testcase classname="tests.unit.stateful_ingestion.test_configs" name="test_state_provider_configs[stateful_ingestion_default_disabled]" time="0.001" /><testcase classname="tests.unit.stateful_ingestion.test_configs" name="test_state_provider_configs[stateful_ingestion_default_enabled]" time="0.001" /><testcase classname="tests.unit.stateful_ingestion.test_configs" name="test_state_provider_configs[stateful_ingestion_bad_config]" time="0.002" /><testcase classname="tests.unit.stateful_ingestion.test_kafka_state" name="test_kafka_common_state" time="0.001" /><testcase classname="tests.unit.stateful_ingestion.provider.test_datahub_ingestion_checkpointing_provider.TestDatahubIngestionCheckpointProvider" name="test_provider" time="0.028" /><testcase classname="tests.unit.stateful_ingestion.provider.test_datahub_ingestion_reporting_provider.TestDatahubIngestionReportingProvider" name="test_provider" time="0.021" /><testcase classname="tests.unit.stateful_ingestion.state.test_checkpoint" name="test_create_from_checkpoint_aspect[BaseSQLAlchemyCheckpointState]" time="0.003" /><testcase classname="tests.unit.stateful_ingestion.state.test_checkpoint" name="test_create_from_checkpoint_aspect[BaseUsageCheckpointState]" time="0.002" /><testcase classname="tests.unit.stateful_ingestion.state.test_checkpoint" name="test_serde_idempotence[BaseSQLAlchemyCheckpointState]" time="0.002" /><testcase classname="tests.unit.stateful_ingestion.state.test_checkpoint" name="test_serde_idempotence[BaseUsageCheckpointState]" time="0.003" /><testcase classname="tests.unit.stateful_ingestion.state.test_sql_common_state" name="test_sql_common_state" time="0.001" /><testcase classname="tests.integration.azure_ad.test_azure_ad" name="test_azure_ad_config" time="0.001" /><testcase classname="tests.integration.azure_ad.test_azure_ad" name="test_azure_ad_source_default_configs" time="0.081" /><testcase classname="tests.integration.azure_ad.test_azure_ad" name="test_azure_source_ingestion_disabled" time="0.060" /><testcase classname="tests.integration.bigquery-usage.test_bigquery_usage" name="test_bq_usage_config" time="0.053" /><testcase classname="tests.integration.bigquery-usage.test_bigquery_usage" name="test_bq_timezone_validation" time="0.057" /><testcase classname="tests.integration.bigquery-usage.test_bigquery_usage" name="test_bq_usage_source" time="0.297" /><testcase classname="tests.integration.bigquery-usage.test_bigquery_usage" name="test_remove_extras[test_table$20220101-test_table]" time="0.001" /><testcase classname="tests.integration.bigquery-usage.test_bigquery_usage" name="test_remove_extras[test_table$__PARTITIONS_SUMMARY__-test_table]" time="0.001" /><testcase classname="tests.integration.bigquery-usage.test_bigquery_usage" name="test_remove_extras[test_table_20220101-test_table]" time="0.001" /><testcase classname="tests.integration.looker.test_looker" name="test_looker_ingest" time="0.411" /><testcase classname="tests.integration.looker.test_looker" name="test_looker_ingest_allow_pattern" time="0.149" /><testcase classname="tests.integration.lookml.test_lookml" name="test_lookml_ingest" time="0.000"><skipped message="lkml requires Python 3.7+" type="pytest.skip">/home/mugdha/mugdha-datahub/datahub/metadata-ingestion/tests/integration/lookml/test_lookml.py:21: lkml requires Python 3.7+</skipped></testcase><testcase classname="tests.integration.lookml.test_lookml" name="test_lookml_ingest_offline" time="0.000"><skipped message="lkml requires Python 3.7+" type="pytest.skip">/home/mugdha/mugdha-datahub/datahub/metadata-ingestion/tests/integration/lookml/test_lookml.py:63: lkml requires Python 3.7+</skipped></testcase><testcase classname="tests.integration.lookml.test_lookml" name="test_lookml_ingest_offline_platform_instance" time="0.000"><skipped message="lkml requires Python 3.7+" type="pytest.skip">/home/mugdha/mugdha-datahub/datahub/metadata-ingestion/tests/integration/lookml/test_lookml.py:106: lkml requires Python 3.7+</skipped></testcase><testcase classname="tests.integration.lookml.test_lookml" name="test_lookml_ingest_api_bigquery" time="0.000"><skipped message="lkml requires Python 3.7+" type="pytest.skip">/home/mugdha/mugdha-datahub/datahub/metadata-ingestion/tests/integration/lookml/test_lookml.py:151: lkml requires Python 3.7+</skipped></testcase><testcase classname="tests.integration.lookml.test_lookml" name="test_lookml_ingest_api_hive" time="0.000"><skipped message="lkml requires Python 3.7+" type="pytest.skip">/home/mugdha/mugdha-datahub/datahub/metadata-ingestion/tests/integration/lookml/test_lookml.py:165: lkml requires Python 3.7+</skipped></testcase><testcase classname="tests.integration.lookml.test_lookml" name="test_lookml_bad_sql_parser" time="0.000"><skipped message="lkml requires Python 3.7+" type="pytest.skip">/home/mugdha/mugdha-datahub/datahub/metadata-ingestion/tests/integration/lookml/test_lookml.py:230: lkml requires Python 3.7+</skipped></testcase><testcase classname="tests.integration.lookml.test_lookml" name="test_lookml_github_info" time="0.000"><skipped message="lkml requires Python 3.7+" type="pytest.skip">/home/mugdha/mugdha-datahub/datahub/metadata-ingestion/tests/integration/lookml/test_lookml.py:279: lkml requires Python 3.7+</skipped></testcase><testcase classname="tests.integration.metabase.test_metabase" name="test_mode_ingest_success" time="0.083" /><testcase classname="tests.integration.metabase.test_metabase" name="test_mode_ingest_failure" time="0.070" /><testcase classname="tests.integration.mode.test_mode" name="test_mode_ingest_success" time="0.099" /><testcase classname="tests.integration.mode.test_mode" name="test_mode_ingest_failure" time="0.058" /><testcase classname="tests.integration.okta.test_okta" name="test_okta_config" time="0.001" /><testcase classname="tests.integration.okta.test_okta" name="test_okta_source_default_configs" time="0.085" /><testcase classname="tests.integration.okta.test_okta" name="test_okta_source_ingestion_disabled" time="0.059" /><testcase classname="tests.integration.okta.test_okta" name="test_okta_source_include_deprovisioned_suspended_users" time="0.103" /><testcase classname="tests.integration.okta.test_okta" name="test_okta_source_custom_user_name_regex" time="0.084" /><testcase classname="tests.integration.redshift-usage.test_redshift_usage" name="test_redshift_usage_config" time="0.001" /><testcase classname="tests.integration.redshift-usage.test_redshift_usage" name="test_redshift_usage_source" time="0.109" /><testcase classname="tests.integration.starburst-trino-usage.test_starburst_trino_usage" name="test_trino_usage_config" time="0.001" /><testcase classname="tests.integration.starburst-trino-usage.test_starburst_trino_usage" name="test_trino_usage_source" time="0.062" /><testcase classname="tests.integration.tableau.test_tableau" name="test_tableau_ingest" time="13.886" /></testsuite></testsuites>