<?xml version="1.0" encoding="utf-8"?><testsuites><testsuite name="pytest" errors="0" failures="0" skipped="0" tests="11" time="0.457" timestamp="2023-09-03T16:47:17.704485" hostname="Davids-MacBook-Pro.local"><testcase classname="spark-smoke-test.test_e2e" name="test_healthchecks" time="0.000" /><testcase classname="spark-smoke-test.test_e2e" name="test_ingestion_via_rest[JavaHdfsIn2HdfsOut1.json]" time="0.077" /><testcase classname="spark-smoke-test.test_e2e" name="test_ingestion_via_rest[PythonHdfsIn2HiveCreateInsertTable.json]" time="0.028" /><testcase classname="spark-smoke-test.test_e2e" name="test_ingestion_via_rest[JavaHdfsIn2HiveCreateInsertTable.json]" time="0.031" /><testcase classname="spark-smoke-test.test_e2e" name="test_ingestion_via_rest[PythonHiveInHiveOut.json]" time="0.040" /><testcase classname="spark-smoke-test.test_e2e" name="test_ingestion_via_rest[PythonHdfsIn2HdfsOut2.json]" time="0.025" /><testcase classname="spark-smoke-test.test_e2e" name="test_ingestion_via_rest[PythonHdfsIn2HdfsOut1.json]" time="0.034" /><testcase classname="spark-smoke-test.test_e2e" name="test_ingestion_via_rest[JavaHdfsIn2HiveCreateTable.json]" time="0.020" /><testcase classname="spark-smoke-test.test_e2e" name="test_ingestion_via_rest[JavaHiveInHiveOut.json]" time="0.049" /><testcase classname="spark-smoke-test.test_e2e" name="test_ingestion_via_rest[JavaHdfsIn2HdfsOut2.json]" time="0.024" /><testcase classname="spark-smoke-test.test_e2e" name="test_ingestion_via_rest[PythonHdfsIn2HiveCreateTable.json]" time="0.018" /></testsuite></testsuites>